"4688","DESKTOP-PHS6MQO","System.Byte[]","10281","(13312)","13312","SuccessAudit","A new process has been created.

Creator Subject:
	Security ID:		S-1-5-18
	Account Name:		-
	Account Domain:		-
	Logon ID:		0x3e7

Target Subject:
	Security ID:		S-1-0-0
	Account Name:		-
	Account Domain:		-
	Logon ID:		0x0

Process Information:
	New Process ID:		0x21c
	New Process Name:	C
	Token Elevation Type:	%%1936
	Mandatory Label:		S-1-16-16384
	Creator Process ID:	0x1d0
	Creator Process Name:	C
	Process Command Line:	

Token Elevation Type indicates the type of token that was assigned to the new process in accordance with User Account Control policy.

Type 1 is a full token with no privileges removed or groups disabled.  A full token is only used if User Account Control is disabled or if the user is the built-in Administrator account or a service account.

Type 2 is an elevated token with no privileges removed or groups disabled.  An elevated token is used when User Account Control is enabled and the user chooses to start the program using Run as administrator.  An elevated token is also used when an application is configured to always require administrative privilege or to always require maximum privilege, and the user is a member of the Administrators group.

Type 3 is a limited token with administrative privileges removed and administrative groups disabled.  The limited token is used when User Account Control is enabled, the application does not require administrative privilege, and the user does not choose to start the program using Run as administrator.","Microsoft-Windows-Security-Auditing","System.String[]","4688","11/25/2023 4:36:23 PM","11/25/2023 4:36:23 PM",,,
"4688","DESKTOP-PHS6MQO","System.Byte[]","10280","(13312)","13312","SuccessAudit","A new process has been created.

Creator Subject:
	Security ID:		S-1-5-18
	Account Name:		-
	Account Domain:		-
	Logon ID:		0x3e7

Target Subject:
	Security ID:		S-1-0-0
	Account Name:		-
	Account Domain:		-
	Logon ID:		0x0

Process Information:
	New Process ID:		0x1e0
	New Process Name:	C
	Token Elevation Type:	%%1936
	Mandatory Label:		S-1-16-16384
	Creator Process ID:	0x1d0
	Creator Process Name:	C
	Process Command Line:	

Token Elevation Type indicates the type of token that was assigned to the new process in accordance with User Account Control policy.

Type 1 is a full token with no privileges removed or groups disabled.  A full token is only used if User Account Control is disabled or if the user is the built-in Administrator account or a service account.

Type 2 is an elevated token with no privileges removed or groups disabled.  An elevated token is used when User Account Control is enabled and the user chooses to start the program using Run as administrator.  An elevated token is also used when an application is configured to always require administrative privilege or to always require maximum privilege, and the user is a member of the Administrators group.

Type 3 is a limited token with administrative privileges removed and administrative groups disabled.  The limited token is used when User Account Control is enabled, the application does not require administrative privilege, and the user does not choose to start the program using Run as administrator.","Microsoft-Windows-Security-Auditing","System.String[]","4688","11/25/2023 4:36:23 PM","11/25/2023 4:36:23 PM",,,
"4688","DESKTOP-PHS6MQO","System.Byte[]","10279","(13312)","13312","SuccessAudit","A new process has been created.

Creator Subject:
	Security ID:		S-1-5-18
	Account Name:		-
	Account Domain:		-
	Logon ID:		0x3e7

Target Subject:
	Security ID:		S-1-0-0
	Account Name:		-
	Account Domain:		-
	Logon ID:		0x0

Process Information:
	New Process ID:		0x1d8
	New Process Name:	C
	Token Elevation Type:	%%1936
	Mandatory Label:		S-1-16-16384
	Creator Process ID:	0x184
	Creator Process Name:	C
	Process Command Line:	

Token Elevation Type indicates the type of token that was assigned to the new process in accordance with User Account Control policy.

Type 1 is a full token with no privileges removed or groups disabled.  A full token is only used if User Account Control is disabled or if the user is the built-in Administrator account or a service account.

Type 2 is an elevated token with no privileges removed or groups disabled.  An elevated token is used when User Account Control is enabled and the user chooses to start the program using Run as administrator.  An elevated token is also used when an application is configured to always require administrative privilege or to always require maximum privilege, and the user is a member of the Administrators group.

Type 3 is a limited token with administrative privileges removed and administrative groups disabled.  The limited token is used when User Account Control is enabled, the application does not require administrative privilege, and the user does not choose to start the program using Run as administrator.","Microsoft-Windows-Security-Auditing","System.String[]","4688","11/25/2023 4:36:23 PM","11/25/2023 4:36:23 PM",,,
"4688","DESKTOP-PHS6MQO","System.Byte[]","10278","(13312)","13312","SuccessAudit","A new process has been created.

Creator Subject:
	Security ID:		S-1-5-18
	Account Name:		-
	Account Domain:		-
	Logon ID:		0x3e7

Target Subject:
	Security ID:		S-1-0-0
	Account Name:		-
	Account Domain:		-
	Logon ID:		0x0

Process Information:
	New Process ID:		0x1d0
	New Process Name:	C
	Token Elevation Type:	%%1936
	Mandatory Label:		S-1-16-16384
	Creator Process ID:	0x130
	Creator Process Name:	C
	Process Command Line:	

Token Elevation Type indicates the type of token that was assigned to the new process in accordance with User Account Control policy.

Type 1 is a full token with no privileges removed or groups disabled.  A full token is only used if User Account Control is disabled or if the user is the built-in Administrator account or a service account.

Type 2 is an elevated token with no privileges removed or groups disabled.  An elevated token is used when User Account Control is enabled and the user chooses to start the program using Run as administrator.  An elevated token is also used when an application is configured to always require administrative privilege or to always require maximum privilege, and the user is a member of the Administrators group.

Type 3 is a limited token with administrative privileges removed and administrative groups disabled.  The limited token is used when User Account Control is enabled, the application does not require administrative privilege, and the user does not choose to start the program using Run as administrator.","Microsoft-Windows-Security-Auditing","System.String[]","4688","11/25/2023 4:36:23 PM","11/25/2023 4:36:23 PM",,,
"4688","DESKTOP-PHS6MQO","System.Byte[]","10277","(13312)","13312","SuccessAudit","A new process has been created.

Creator Subject:
	Security ID:		S-1-5-18
	Account Name:		-
	Account Domain:		-
	Logon ID:		0x3e7

Target Subject:
	Security ID:		S-1-0-0
	Account Name:		-
	Account Domain:		-
	Logon ID:		0x0

Process Information:
	New Process ID:		0x18c
	New Process Name:	C
	Token Elevation Type:	%%1936
	Mandatory Label:		S-1-16-16384
	Creator Process ID:	0x184
	Creator Process Name:	C
	Process Command Line:	

Token Elevation Type indicates the type of token that was assigned to the new process in accordance with User Account Control policy.

Type 1 is a full token with no privileges removed or groups disabled.  A full token is only used if User Account Control is disabled or if the user is the built-in Administrator account or a service account.

Type 2 is an elevated token with no privileges removed or groups disabled.  An elevated token is used when User Account Control is enabled and the user chooses to start the program using Run as administrator.  An elevated token is also used when an application is configured to always require administrative privilege or to always require maximum privilege, and the user is a member of the Administrators group.

Type 3 is a limited token with administrative privileges removed and administrative groups disabled.  The limited token is used when User Account Control is enabled, the application does not require administrative privilege, and the user does not choose to start the program using Run as administrator.","Microsoft-Windows-Security-Auditing","System.String[]","4688","11/25/2023 4:36:23 PM","11/25/2023 4:36:23 PM",,,
"4688","DESKTOP-PHS6MQO","System.Byte[]","10276","(13312)","13312","SuccessAudit","A new process has been created.

Creator Subject:
	Security ID:		S-1-5-18
	Account Name:		-
	Account Domain:		-
	Logon ID:		0x3e7

Target Subject:
	Security ID:		S-1-0-0
	Account Name:		-
	Account Domain:		-
	Logon ID:		0x0

Process Information:
	New Process ID:		0x184
	New Process Name:	C
	Token Elevation Type:	%%1936
	Mandatory Label:		S-1-16-16384
	Creator Process ID:	0x130
	Creator Process Name:	C
	Process Command Line:	

Token Elevation Type indicates the type of token that was assigned to the new process in accordance with User Account Control policy.

Type 1 is a full token with no privileges removed or groups disabled.  A full token is only used if User Account Control is disabled or if the user is the built-in Administrator account or a service account.

Type 2 is an elevated token with no privileges removed or groups disabled.  An elevated token is used when User Account Control is enabled and the user chooses to start the program using Run as administrator.  An elevated token is also used when an application is configured to always require administrative privilege or to always require maximum privilege, and the user is a member of the Administrators group.

Type 3 is a limited token with administrative privileges removed and administrative groups disabled.  The limited token is used when User Account Control is enabled, the application does not require administrative privilege, and the user does not choose to start the program using Run as administrator.","Microsoft-Windows-Security-Auditing","System.String[]","4688","11/25/2023 4:36:23 PM","11/25/2023 4:36:23 PM",,,
"4688","DESKTOP-PHS6MQO","System.Byte[]","10275","(13312)","13312","SuccessAudit","A new process has been created.

Creator Subject:
	Security ID:		S-1-5-18
	Account Name:		-
	Account Domain:		-
	Logon ID:		0x3e7

Target Subject:
	Security ID:		S-1-0-0
	Account Name:		-
	Account Domain:		-
	Logon ID:		0x0

Process Information:
	New Process ID:		0x148
	New Process Name:	C
	Token Elevation Type:	%%1936
	Mandatory Label:		S-1-16-16384
	Creator Process ID:	0x130
	Creator Process Name:	C
	Process Command Line:	

Token Elevation Type indicates the type of token that was assigned to the new process in accordance with User Account Control policy.

Type 1 is a full token with no privileges removed or groups disabled.  A full token is only used if User Account Control is disabled or if the user is the built-in Administrator account or a service account.

Type 2 is an elevated token with no privileges removed or groups disabled.  An elevated token is used when User Account Control is enabled and the user chooses to start the program using Run as administrator.  An elevated token is also used when an application is configured to always require administrative privilege or to always require maximum privilege, and the user is a member of the Administrators group.

Type 3 is a limited token with administrative privileges removed and administrative groups disabled.  The limited token is used when User Account Control is enabled, the application does not require administrative privilege, and the user does not choose to start the program using Run as administrator.","Microsoft-Windows-Security-Auditing","System.String[]","4688","11/25/2023 4:36:21 PM","11/25/2023 4:36:21 PM",,,
"4688","DESKTOP-PHS6MQO","System.Byte[]","10274","(13312)","13312","SuccessAudit","A new process has been created.

Creator Subject:
	Security ID:		S-1-5-18
	Account Name:		-
	Account Domain:		-
	Logon ID:		0x3e7

Target Subject:
	Security ID:		S-1-0-0
	Account Name:		-
	Account Domain:		-
	Logon ID:		0x0

Process Information:
	New Process ID:		0x130
	New Process Name:	C
	Token Elevation Type:	%%1936
	Mandatory Label:		S-1-16-16384
	Creator Process ID:	0x4
	Creator Process Name:	
	Process Command Line:	

Token Elevation Type indicates the type of token that was assigned to the new process in accordance with User Account Control policy.

Type 1 is a full token with no privileges removed or groups disabled.  A full token is only used if User Account Control is disabled or if the user is the built-in Administrator account or a service account.

Type 2 is an elevated token with no privileges removed or groups disabled.  An elevated token is used when User Account Control is enabled and the user chooses to start the program using Run as administrator.  An elevated token is also used when an application is configured to always require administrative privilege or to always require maximum privilege, and the user is a member of the Administrators group.

Type 3 is a limited token with administrative privileges removed and administrative groups disabled.  The limited token is used when User Account Control is enabled, the application does not require administrative privilege, and the user does not choose to start the program using Run as administrator.","Microsoft-Windows-Security-Auditing","System.String[]","4688","11/25/2023 4:36:21 PM","11/25/2023 4:36:21 PM",,,
"4826","DESKTOP-PHS6MQO","System.Byte[]","10273","(13573)","13573","SuccessAudit","Boot Configuration Data loaded.

Subject:
	Security ID:		S-1-5-18
	Account Name:		-
	Account Domain:		-
	Logon ID:		0x3e7

General Settings:
	Load Options:		-
	Advanced Options:		%%1843
	Configuration Access Policy:	%%1846
	System Event Logging:	%%1843
	Kernel Debugging:	%%1843
	VSM Launch Type:	%%1848

Signature Settings:
	Test Signing:		%%1843
	Flight Signing:		%%1843
	Disable Integrity Checks:	%%1843

HyperVisor Settings:
	HyperVisor Load Options:	-
	HyperVisor Launch Type:	%%1848
	HyperVisor Debugging:	%%1843","Microsoft-Windows-Security-Auditing","System.String[]","4826","11/25/2023 4:36:21 PM","11/25/2023 4:36:21 PM",,,
"4696","DESKTOP-PHS6MQO","System.Byte[]","10272","(13312)","13312","SuccessAudit","A primary token was assigned to process.

Subject:
	Security ID:		S-1-5-18
	Account Name:		-
	Account Domain:		-
	Logon ID:		0x3e7

Process Information:
	Process ID:	0x4
	Process Name:	

Target Process:
	Target Process ID:	0x58
	Target Process Name:	Registry

New Token Information:
	Security ID:		S-1-0-0
	Account Name:		-
	Account Domain:		-
	Logon ID:		0x3e7","Microsoft-Windows-Security-Auditing","System.String[]","4696","11/25/2023 4:36:21 PM","11/25/2023 4:36:21 PM",,,
"4688","DESKTOP-PHS6MQO","System.Byte[]","10271","(13312)","13312","SuccessAudit","A new process has been created.

Creator Subject:
	Security ID:		S-1-5-18
	Account Name:		-
	Account Domain:		-
	Logon ID:		0x3e7

Target Subject:
	Security ID:		S-1-0-0
	Account Name:		-
	Account Domain:		-
	Logon ID:		0x0

Process Information:
	New Process ID:		0x58
	New Process Name:	R
	Token Elevation Type:	%%1936
	Mandatory Label:		S-1-16-16384
	Creator Process ID:	0x4
	Creator Process Name:	
	Process Command Line:	

Token Elevation Type indicates the type of token that was assigned to the new process in accordance with User Account Control policy.

Type 1 is a full token with no privileges removed or groups disabled.  A full token is only used if User Account Control is disabled or if the user is the built-in Administrator account or a service account.

Type 2 is an elevated token with no privileges removed or groups disabled.  An elevated token is used when User Account Control is enabled and the user chooses to start the program using Run as administrator.  An elevated token is also used when an application is configured to always require administrative privilege or to always require maximum privilege, and the user is a member of the Administrators group.

Type 3 is a limited token with administrative privileges removed and administrative groups disabled.  The limited token is used when User Account Control is enabled, the application does not require administrative privilege, and the user does not choose to start the program using Run as administrator.","Microsoft-Windows-Security-Auditing","System.String[]","4688","11/25/2023 4:36:21 PM","11/25/2023 4:36:21 PM",,,
"1101","DESKTOP-PHS6MQO","System.Byte[]","10270","(101)","101","SuccessAudit","Audit events have been dropped by the transport.  0","Microsoft-Windows-Eventlog","System.String[]","1101","11/25/2023 4:36:25 PM","11/25/2023 4:36:25 PM",,,
"5379","DESKTOP-PHS6MQO","System.Byte[]","10269","(13824)","13824","SuccessAudit","Credential Manager credentials were read.

Subject:
	Security ID:		S-1-5-21-1760974914-2075844823-2079291112-1002
	Account Name:		champuser
	Account Domain:		DESKTOP-PHS6MQO
	Logon ID:		0x37643
	Read Operation:		%%8099

This event occurs when a user performs a read operation on stored credentials in Credential Manager.","Microsoft-Windows-Security-Auditing","System.String[]","5379","11/7/2023 4:36:42 PM","11/7/2023 4:36:42 PM",,,
"4798","DESKTOP-PHS6MQO","System.Byte[]","10268","(13824)","13824","SuccessAudit","A user's local group membership was enumerated.

Subject:
	Security ID:		S-1-5-21-1760974914-2075844823-2079291112-1002
	Account Name:		champuser
	Account Domain:		DESKTOP-PHS6MQO
	Logon ID:		0x37643

User:
	Security ID:		S-1-5-21-1760974914-2075844823-2079291112-1002
	Account Name:		champuser
	Account Domain:		DESKTOP-PHS6MQO

Process Information:
	Process ID:		0x15bc
	Process Name:		C:\Program Files\Git\usr\bin\sh.exe","Microsoft-Windows-Security-Auditing","System.String[]","4798","11/7/2023 4:36:42 PM","11/7/2023 4:36:42 PM",,,
"5379","DESKTOP-PHS6MQO","System.Byte[]","10267","(13824)","13824","SuccessAudit","Credential Manager credentials were read.

Subject:
	Security ID:		S-1-5-21-1760974914-2075844823-2079291112-1002
	Account Name:		champuser
	Account Domain:		DESKTOP-PHS6MQO
	Logon ID:		0x37643
	Read Operation:		%%8100

This event occurs when a user performs a read operation on stored credentials in Credential Manager.","Microsoft-Windows-Security-Auditing","System.String[]","5379","11/7/2023 4:36:41 PM","11/7/2023 4:36:41 PM",,,
"5379","DESKTOP-PHS6MQO","System.Byte[]","10266","(13824)","13824","SuccessAudit","Credential Manager credentials were read.

Subject:
	Security ID:		S-1-5-21-1760974914-2075844823-2079291112-1002
	Account Name:		champuser
	Account Domain:		DESKTOP-PHS6MQO
	Logon ID:		0x37643
	Read Operation:		%%8100

This event occurs when a user performs a read operation on stored credentials in Credential Manager.","Microsoft-Windows-Security-Auditing","System.String[]","5379","11/7/2023 4:36:41 PM","11/7/2023 4:36:41 PM",,,
"4798","DESKTOP-PHS6MQO","System.Byte[]","10265","(13824)","13824","SuccessAudit","A user's local group membership was enumerated.

Subject:
	Security ID:		S-1-5-21-1760974914-2075844823-2079291112-1002
	Account Name:		champuser
	Account Domain:		DESKTOP-PHS6MQO
	Logon ID:		0x37643

User:
	Security ID:		S-1-5-21-1760974914-2075844823-2079291112-1002
	Account Name:		champuser
	Account Domain:		DESKTOP-PHS6MQO

Process Information:
	Process ID:		0x554
	Process Name:		C:\Program Files\Git\usr\bin\sh.exe","Microsoft-Windows-Security-Auditing","System.String[]","4798","11/7/2023 4:36:41 PM","11/7/2023 4:36:41 PM",,,
"4798","DESKTOP-PHS6MQO","System.Byte[]","10264","(13824)","13824","SuccessAudit","A user's local group membership was enumerated.

Subject:
	Security ID:		S-1-5-21-1760974914-2075844823-2079291112-1002
	Account Name:		champuser
	Account Domain:		DESKTOP-PHS6MQO
	Logon ID:		0x37643

User:
	Security ID:		S-1-5-21-1760974914-2075844823-2079291112-1002
	Account Name:		champuser
	Account Domain:		DESKTOP-PHS6MQO

Process Information:
	Process ID:		0xb18
	Process Name:		C:\Program Files\Git\usr\bin\mintty.exe","Microsoft-Windows-Security-Auditing","System.String[]","4798","11/7/2023 4:36:14 PM","11/7/2023 4:36:14 PM",,,
"4672","DESKTOP-PHS6MQO","System.Byte[]","10263","(12548)","12548","SuccessAudit","Special privileges assigned to new logon.

Subject:
	Security ID:		S-1-5-18
	Account Name:		SYSTEM
	Account Domain:		NT AUTHORITY
	Logon ID:		0x3e7

Privileges:		SeAssignPrimaryTokenPrivilege
			SeTcbPrivilege
			SeSecurityPrivilege
			SeTakeOwnershipPrivilege
			SeLoadDriverPrivilege
			SeBackupPrivilege
			SeRestorePrivilege
			SeDebugPrivilege
			SeAuditPrivilege
			SeSystemEnvironmentPrivilege
			SeImpersonatePrivilege
			SeDelegateSessionUserImpersonatePrivilege","Microsoft-Windows-Security-Auditing","System.String[]","4672","11/7/2023 4:19:39 PM","11/7/2023 4:19:39 PM",,,
"4624","DESKTOP-PHS6MQO","System.Byte[]","10262","(12544)","12544","SuccessAudit","An account was successfully logged on.

Subject:
	Security ID:		S-1-5-18
	Account Name:		DESKTOP-PHS6MQO$
	Account Domain:		WORKGROUP
	Logon ID:		0x3e7

Logon Information:
	Logon Type:		5
	Restricted Admin Mode:	-
	Virtual Account:		%%1843
	Elevated Token:		%%1842

Impersonation Level:		%%1833

New Logon:
	Security ID:		S-1-5-18
	Account Name:		SYSTEM
	Account Domain:		NT AUTHORITY
	Logon ID:		0x3e7
	Linked Logon ID:		0x0
	Network Account Name:	-
	Network Account Domain:	-
	Logon GUID:		{00000000-0000-0000-0000-000000000000}

Process Information:
	Process ID:		0x25c
	Process Name:		C:\Windows\System32\services.exe

Network Information:
	Workstation Name:	-
	Source Network Address:	-
	Source Port:		-

Detailed Authentication Information:
	Logon Process:		Advapi  
	Authentication Package:	Negotiate
	Transited Services:	-
	Package Name (NTLM only):	-
	Key Length:		0

This event is generated when a logon session is created. It is generated on the computer that was accessed.

The subject fields indicate the account on the local system which requested the logon. This is most commonly a service such as the Server service, or a local process such as Winlogon.exe or Services.exe.

The logon type field indicates the kind of logon that occurred. The most common types are 2 (interactive) and 3 (network).

The New Logon fields indicate the account for whom the new logon was created, i.e. the account that was logged on.

The network fields indicate where a remote logon request originated. Workstation name is not always available and may be left blank in some cases.

The impersonation level field indicates the extent to which a process in the logon session can impersonate.

The authentication information fields provide detailed information about this specific logon request.
	- Logon GUID is a unique identifier that can be used to correlate this event with a KDC event.
	- Transited services indicate which intermediate services have participated in this logon request.
	- Package name indicates which sub-protocol was used among the NTLM protocols.
	- Key length indicates the length of the generated session key. This will be 0 if no session key was requested.","Microsoft-Windows-Security-Auditing","System.String[]","4624","11/7/2023 4:19:39 PM","11/7/2023 4:19:39 PM",,,
"4672","DESKTOP-PHS6MQO","System.Byte[]","10261","(12548)","12548","SuccessAudit","Special privileges assigned to new logon.

Subject:
	Security ID:		S-1-5-18
	Account Name:		SYSTEM
	Account Domain:		NT AUTHORITY
	Logon ID:		0x3e7

Privileges:		SeAssignPrimaryTokenPrivilege
			SeTcbPrivilege
			SeSecurityPrivilege
			SeTakeOwnershipPrivilege
			SeLoadDriverPrivilege
			SeBackupPrivilege
			SeRestorePrivilege
			SeDebugPrivilege
			SeAuditPrivilege
			SeSystemEnvironmentPrivilege
			SeImpersonatePrivilege
			SeDelegateSessionUserImpersonatePrivilege","Microsoft-Windows-Security-Auditing","System.String[]","4672","11/7/2023 4:15:30 PM","11/7/2023 4:15:30 PM",,,
"4624","DESKTOP-PHS6MQO","System.Byte[]","10260","(12544)","12544","SuccessAudit","An account was successfully logged on.

Subject:
	Security ID:		S-1-5-18
	Account Name:		DESKTOP-PHS6MQO$
	Account Domain:		WORKGROUP
	Logon ID:		0x3e7

Logon Information:
	Logon Type:		5
	Restricted Admin Mode:	-
	Virtual Account:		%%1843
	Elevated Token:		%%1842

Impersonation Level:		%%1833

New Logon:
	Security ID:		S-1-5-18
	Account Name:		SYSTEM
	Account Domain:		NT AUTHORITY
	Logon ID:		0x3e7
	Linked Logon ID:		0x0
	Network Account Name:	-
	Network Account Domain:	-
	Logon GUID:		{00000000-0000-0000-0000-000000000000}

Process Information:
	Process ID:		0x25c
	Process Name:		C:\Windows\System32\services.exe

Network Information:
	Workstation Name:	-
	Source Network Address:	-
	Source Port:		-

Detailed Authentication Information:
	Logon Process:		Advapi  
	Authentication Package:	Negotiate
	Transited Services:	-
	Package Name (NTLM only):	-
	Key Length:		0

This event is generated when a logon session is created. It is generated on the computer that was accessed.

The subject fields indicate the account on the local system which requested the logon. This is most commonly a service such as the Server service, or a local process such as Winlogon.exe or Services.exe.

The logon type field indicates the kind of logon that occurred. The most common types are 2 (interactive) and 3 (network).

The New Logon fields indicate the account for whom the new logon was created, i.e. the account that was logged on.

The network fields indicate where a remote logon request originated. Workstation name is not always available and may be left blank in some cases.

The impersonation level field indicates the extent to which a process in the logon session can impersonate.

The authentication information fields provide detailed information about this specific logon request.
	- Logon GUID is a unique identifier that can be used to correlate this event with a KDC event.
	- Transited services indicate which intermediate services have participated in this logon request.
	- Package name indicates which sub-protocol was used among the NTLM protocols.
	- Key length indicates the length of the generated session key. This will be 0 if no session key was requested.","Microsoft-Windows-Security-Auditing","System.String[]","4624","11/7/2023 4:15:30 PM","11/7/2023 4:15:30 PM",,,
"4798","DESKTOP-PHS6MQO","System.Byte[]","10259","(13824)","13824","SuccessAudit","A user's local group membership was enumerated.

Subject:
	Security ID:		S-1-5-21-1760974914-2075844823-2079291112-1002
	Account Name:		champuser
	Account Domain:		DESKTOP-PHS6MQO
	Logon ID:		0x37643

User:
	Security ID:		S-1-5-21-1760974914-2075844823-2079291112-1002
	Account Name:		champuser
	Account Domain:		DESKTOP-PHS6MQO

Process Information:
	Process ID:		0x15a8
	Process Name:		C:\Windows\System32\WindowsPowerShell\v1.0\powershell_ise.exe","Microsoft-Windows-Security-Auditing","System.String[]","4798","11/7/2023 4:06:03 PM","11/7/2023 4:06:03 PM",,,
"4797","DESKTOP-PHS6MQO","System.Byte[]","10258","(13824)","13824","SuccessAudit","An attempt was made to query the existence of a blank password for an account.

Subject:
	Security ID:		S-1-5-21-1760974914-2075844823-2079291112-1002
	Account Name:		champuser
	Account Domain:		DESKTOP-PHS6MQO
	Logon ID:		0x37643

Additional Information:
	Caller Workstation:	DESKTOP-PHS6MQO
	Target Account Name:	WDAGUtilityAccount
	Target Account Domain:	DESKTOP-PHS6MQO","Microsoft-Windows-Security-Auditing","System.String[]","4797","11/7/2023 4:05:52 PM","11/7/2023 4:05:52 PM",,,
"4797","DESKTOP-PHS6MQO","System.Byte[]","10257","(13824)","13824","SuccessAudit","An attempt was made to query the existence of a blank password for an account.

Subject:
	Security ID:		S-1-5-21-1760974914-2075844823-2079291112-1002
	Account Name:		champuser
	Account Domain:		DESKTOP-PHS6MQO
	Logon ID:		0x37643

Additional Information:
	Caller Workstation:	DESKTOP-PHS6MQO
	Target Account Name:	Guest
	Target Account Domain:	DESKTOP-PHS6MQO","Microsoft-Windows-Security-Auditing","System.String[]","4797","11/7/2023 4:05:52 PM","11/7/2023 4:05:52 PM",,,
"4797","DESKTOP-PHS6MQO","System.Byte[]","10256","(13824)","13824","SuccessAudit","An attempt was made to query the existence of a blank password for an account.

Subject:
	Security ID:		S-1-5-21-1760974914-2075844823-2079291112-1002
	Account Name:		champuser
	Account Domain:		DESKTOP-PHS6MQO
	Logon ID:		0x37643

Additional Information:
	Caller Workstation:	DESKTOP-PHS6MQO
	Target Account Name:	DefaultAccount
	Target Account Domain:	DESKTOP-PHS6MQO","Microsoft-Windows-Security-Auditing","System.String[]","4797","11/7/2023 4:05:52 PM","11/7/2023 4:05:52 PM",,,
"4797","DESKTOP-PHS6MQO","System.Byte[]","10255","(13824)","13824","SuccessAudit","An attempt was made to query the existence of a blank password for an account.

Subject:
	Security ID:		S-1-5-21-1760974914-2075844823-2079291112-1002
	Account Name:		champuser
	Account Domain:		DESKTOP-PHS6MQO
	Logon ID:		0x37643

Additional Information:
	Caller Workstation:	DESKTOP-PHS6MQO
	Target Account Name:	Administrator
	Target Account Domain:	DESKTOP-PHS6MQO","Microsoft-Windows-Security-Auditing","System.String[]","4797","11/7/2023 4:05:52 PM","11/7/2023 4:05:52 PM",,,
"4798","DESKTOP-PHS6MQO","System.Byte[]","10254","(13824)","13824","SuccessAudit","A user's local group membership was enumerated.

Subject:
	Security ID:		S-1-5-21-1760974914-2075844823-2079291112-1002
	Account Name:		champuser
	Account Domain:		DESKTOP-PHS6MQO
	Logon ID:		0x37643

User:
	Security ID:		S-1-5-21-1760974914-2075844823-2079291112-1002
	Account Name:		champuser
	Account Domain:		DESKTOP-PHS6MQO

Process Information:
	Process ID:		0x1044
	Process Name:		C:\Windows\explorer.exe","Microsoft-Windows-Security-Auditing","System.String[]","4798","11/7/2023 4:05:44 PM","11/7/2023 4:05:44 PM",,,
"4797","DESKTOP-PHS6MQO","System.Byte[]","10253","(13824)","13824","SuccessAudit","An attempt was made to query the existence of a blank password for an account.

Subject:
	Security ID:		S-1-5-21-1760974914-2075844823-2079291112-1002
	Account Name:		champuser
	Account Domain:		DESKTOP-PHS6MQO
	Logon ID:		0x37643

Additional Information:
	Caller Workstation:	DESKTOP-PHS6MQO
	Target Account Name:	WDAGUtilityAccount
	Target Account Domain:	DESKTOP-PHS6MQO","Microsoft-Windows-Security-Auditing","System.String[]","4797","11/7/2023 4:05:40 PM","11/7/2023 4:05:40 PM",,,
"4797","DESKTOP-PHS6MQO","System.Byte[]","10252","(13824)","13824","SuccessAudit","An attempt was made to query the existence of a blank password for an account.

Subject:
	Security ID:		S-1-5-21-1760974914-2075844823-2079291112-1002
	Account Name:		champuser
	Account Domain:		DESKTOP-PHS6MQO
	Logon ID:		0x37643

Additional Information:
	Caller Workstation:	DESKTOP-PHS6MQO
	Target Account Name:	Guest
	Target Account Domain:	DESKTOP-PHS6MQO","Microsoft-Windows-Security-Auditing","System.String[]","4797","11/7/2023 4:05:40 PM","11/7/2023 4:05:40 PM",,,
"4797","DESKTOP-PHS6MQO","System.Byte[]","10251","(13824)","13824","SuccessAudit","An attempt was made to query the existence of a blank password for an account.

Subject:
	Security ID:		S-1-5-21-1760974914-2075844823-2079291112-1002
	Account Name:		champuser
	Account Domain:		DESKTOP-PHS6MQO
	Logon ID:		0x37643

Additional Information:
	Caller Workstation:	DESKTOP-PHS6MQO
	Target Account Name:	DefaultAccount
	Target Account Domain:	DESKTOP-PHS6MQO","Microsoft-Windows-Security-Auditing","System.String[]","4797","11/7/2023 4:05:40 PM","11/7/2023 4:05:40 PM",,,
"4797","DESKTOP-PHS6MQO","System.Byte[]","10250","(13824)","13824","SuccessAudit","An attempt was made to query the existence of a blank password for an account.

Subject:
	Security ID:		S-1-5-21-1760974914-2075844823-2079291112-1002
	Account Name:		champuser
	Account Domain:		DESKTOP-PHS6MQO
	Logon ID:		0x37643

Additional Information:
	Caller Workstation:	DESKTOP-PHS6MQO
	Target Account Name:	Administrator
	Target Account Domain:	DESKTOP-PHS6MQO","Microsoft-Windows-Security-Auditing","System.String[]","4797","11/7/2023 4:05:40 PM","11/7/2023 4:05:40 PM",,,
"4797","DESKTOP-PHS6MQO","System.Byte[]","10249","(13824)","13824","SuccessAudit","An attempt was made to query the existence of a blank password for an account.

Subject:
	Security ID:		S-1-5-21-1760974914-2075844823-2079291112-1002
	Account Name:		champuser
	Account Domain:		DESKTOP-PHS6MQO
	Logon ID:		0x37643

Additional Information:
	Caller Workstation:	DESKTOP-PHS6MQO
	Target Account Name:	WDAGUtilityAccount
	Target Account Domain:	DESKTOP-PHS6MQO","Microsoft-Windows-Security-Auditing","System.String[]","4797","11/7/2023 4:05:30 PM","11/7/2023 4:05:30 PM",,,
"4797","DESKTOP-PHS6MQO","System.Byte[]","10248","(13824)","13824","SuccessAudit","An attempt was made to query the existence of a blank password for an account.

Subject:
	Security ID:		S-1-5-21-1760974914-2075844823-2079291112-1002
	Account Name:		champuser
	Account Domain:		DESKTOP-PHS6MQO
	Logon ID:		0x37643

Additional Information:
	Caller Workstation:	DESKTOP-PHS6MQO
	Target Account Name:	Guest
	Target Account Domain:	DESKTOP-PHS6MQO","Microsoft-Windows-Security-Auditing","System.String[]","4797","11/7/2023 4:05:30 PM","11/7/2023 4:05:30 PM",,,
"4797","DESKTOP-PHS6MQO","System.Byte[]","10247","(13824)","13824","SuccessAudit","An attempt was made to query the existence of a blank password for an account.

Subject:
	Security ID:		S-1-5-21-1760974914-2075844823-2079291112-1002
	Account Name:		champuser
	Account Domain:		DESKTOP-PHS6MQO
	Logon ID:		0x37643

Additional Information:
	Caller Workstation:	DESKTOP-PHS6MQO
	Target Account Name:	DefaultAccount
	Target Account Domain:	DESKTOP-PHS6MQO","Microsoft-Windows-Security-Auditing","System.String[]","4797","11/7/2023 4:05:30 PM","11/7/2023 4:05:30 PM",,,
"4797","DESKTOP-PHS6MQO","System.Byte[]","10246","(13824)","13824","SuccessAudit","An attempt was made to query the existence of a blank password for an account.

Subject:
	Security ID:		S-1-5-21-1760974914-2075844823-2079291112-1002
	Account Name:		champuser
	Account Domain:		DESKTOP-PHS6MQO
	Logon ID:		0x37643

Additional Information:
	Caller Workstation:	DESKTOP-PHS6MQO
	Target Account Name:	Administrator
	Target Account Domain:	DESKTOP-PHS6MQO","Microsoft-Windows-Security-Auditing","System.String[]","4797","11/7/2023 4:05:30 PM","11/7/2023 4:05:30 PM",,,
"4798","DESKTOP-PHS6MQO","System.Byte[]","10245","(13824)","13824","SuccessAudit","A user's local group membership was enumerated.

Subject:
	Security ID:		S-1-5-21-1760974914-2075844823-2079291112-1002
	Account Name:		champuser
	Account Domain:		DESKTOP-PHS6MQO
	Logon ID:		0x37643

User:
	Security ID:		S-1-5-21-1760974914-2075844823-2079291112-1002
	Account Name:		champuser
	Account Domain:		DESKTOP-PHS6MQO

Process Information:
	Process ID:		0x1044
	Process Name:		C:\Windows\explorer.exe","Microsoft-Windows-Security-Auditing","System.String[]","4798","11/7/2023 4:05:29 PM","11/7/2023 4:05:29 PM",,,
"4798","DESKTOP-PHS6MQO","System.Byte[]","10244","(13824)","13824","SuccessAudit","A user's local group membership was enumerated.

Subject:
	Security ID:		S-1-5-21-1760974914-2075844823-2079291112-1002
	Account Name:		champuser
	Account Domain:		DESKTOP-PHS6MQO
	Logon ID:		0x37643

User:
	Security ID:		S-1-5-21-1760974914-2075844823-2079291112-1002
	Account Name:		champuser
	Account Domain:		DESKTOP-PHS6MQO

Process Information:
	Process ID:		0x1044
	Process Name:		C:\Windows\explorer.exe","Microsoft-Windows-Security-Auditing","System.String[]","4798","11/7/2023 4:05:28 PM","11/7/2023 4:05:28 PM",,,
"4798","DESKTOP-PHS6MQO","System.Byte[]","10243","(13824)","13824","SuccessAudit","A user's local group membership was enumerated.

Subject:
	Security ID:		S-1-5-21-1760974914-2075844823-2079291112-1002
	Account Name:		champuser
	Account Domain:		DESKTOP-PHS6MQO
	Logon ID:		0x37643

User:
	Security ID:		S-1-5-21-1760974914-2075844823-2079291112-1002
	Account Name:		champuser
	Account Domain:		DESKTOP-PHS6MQO

Process Information:
	Process ID:		0x1044
	Process Name:		C:\Windows\explorer.exe","Microsoft-Windows-Security-Auditing","System.String[]","4798","11/7/2023 4:05:25 PM","11/7/2023 4:05:25 PM",,,
"4798","DESKTOP-PHS6MQO","System.Byte[]","10242","(13824)","13824","SuccessAudit","A user's local group membership was enumerated.

Subject:
	Security ID:		S-1-5-21-1760974914-2075844823-2079291112-1002
	Account Name:		champuser
	Account Domain:		DESKTOP-PHS6MQO
	Logon ID:		0x37643

User:
	Security ID:		S-1-5-21-1760974914-2075844823-2079291112-1002
	Account Name:		champuser
	Account Domain:		DESKTOP-PHS6MQO

Process Information:
	Process ID:		0x1044
	Process Name:		C:\Windows\explorer.exe","Microsoft-Windows-Security-Auditing","System.String[]","4798","11/7/2023 4:05:25 PM","11/7/2023 4:05:25 PM",,,
"4798","DESKTOP-PHS6MQO","System.Byte[]","10241","(13824)","13824","SuccessAudit","A user's local group membership was enumerated.

Subject:
	Security ID:		S-1-5-21-1760974914-2075844823-2079291112-1002
	Account Name:		champuser
	Account Domain:		DESKTOP-PHS6MQO
	Logon ID:		0x37643

User:
	Security ID:		S-1-5-21-1760974914-2075844823-2079291112-1002
	Account Name:		champuser
	Account Domain:		DESKTOP-PHS6MQO

Process Information:
	Process ID:		0x1044
	Process Name:		C:\Windows\explorer.exe","Microsoft-Windows-Security-Auditing","System.String[]","4798","11/7/2023 4:05:25 PM","11/7/2023 4:05:25 PM",,,
"4799","DESKTOP-PHS6MQO","System.Byte[]","10240","(13826)","13826","SuccessAudit","A security-enabled local group membership was enumerated.

Subject:
	Security ID:		S-1-5-18
	Account Name:		DESKTOP-PHS6MQO$
	Account Domain:		WORKGROUP
	Logon ID:		0x3e7

Group:
	Security ID:		S-1-5-32-551
	Group Name:		Backup Operators
	Group Domain:		Builtin

Process Information:
	Process ID:		0x938
	Process Name:		C:\Windows\System32\svchost.exe","Microsoft-Windows-Security-Auditing","System.String[]","4799","11/7/2023 3:59:29 PM","11/7/2023 3:59:29 PM",,,
"4799","DESKTOP-PHS6MQO","System.Byte[]","10239","(13826)","13826","SuccessAudit","A security-enabled local group membership was enumerated.

Subject:
	Security ID:		S-1-5-18
	Account Name:		DESKTOP-PHS6MQO$
	Account Domain:		WORKGROUP
	Logon ID:		0x3e7

Group:
	Security ID:		S-1-5-32-544
	Group Name:		Administrators
	Group Domain:		Builtin

Process Information:
	Process ID:		0x938
	Process Name:		C:\Windows\System32\svchost.exe","Microsoft-Windows-Security-Auditing","System.String[]","4799","11/7/2023 3:59:29 PM","11/7/2023 3:59:29 PM",,,
"4672","DESKTOP-PHS6MQO","System.Byte[]","10238","(12548)","12548","SuccessAudit","Special privileges assigned to new logon.

Subject:
	Security ID:		S-1-5-18
	Account Name:		SYSTEM
	Account Domain:		NT AUTHORITY
	Logon ID:		0x3e7

Privileges:		SeAssignPrimaryTokenPrivilege
			SeTcbPrivilege
			SeSecurityPrivilege
			SeTakeOwnershipPrivilege
			SeLoadDriverPrivilege
			SeBackupPrivilege
			SeRestorePrivilege
			SeDebugPrivilege
			SeAuditPrivilege
			SeSystemEnvironmentPrivilege
			SeImpersonatePrivilege
			SeDelegateSessionUserImpersonatePrivilege","Microsoft-Windows-Security-Auditing","System.String[]","4672","11/7/2023 3:59:26 PM","11/7/2023 3:59:26 PM",,,
"4624","DESKTOP-PHS6MQO","System.Byte[]","10237","(12544)","12544","SuccessAudit","An account was successfully logged on.

Subject:
	Security ID:		S-1-5-18
	Account Name:		DESKTOP-PHS6MQO$
	Account Domain:		WORKGROUP
	Logon ID:		0x3e7

Logon Information:
	Logon Type:		5
	Restricted Admin Mode:	-
	Virtual Account:		%%1843
	Elevated Token:		%%1842

Impersonation Level:		%%1833

New Logon:
	Security ID:		S-1-5-18
	Account Name:		SYSTEM
	Account Domain:		NT AUTHORITY
	Logon ID:		0x3e7
	Linked Logon ID:		0x0
	Network Account Name:	-
	Network Account Domain:	-
	Logon GUID:		{00000000-0000-0000-0000-000000000000}

Process Information:
	Process ID:		0x25c
	Process Name:		C:\Windows\System32\services.exe

Network Information:
	Workstation Name:	-
	Source Network Address:	-
	Source Port:		-

Detailed Authentication Information:
	Logon Process:		Advapi  
	Authentication Package:	Negotiate
	Transited Services:	-
	Package Name (NTLM only):	-
	Key Length:		0

This event is generated when a logon session is created. It is generated on the computer that was accessed.

The subject fields indicate the account on the local system which requested the logon. This is most commonly a service such as the Server service, or a local process such as Winlogon.exe or Services.exe.

The logon type field indicates the kind of logon that occurred. The most common types are 2 (interactive) and 3 (network).

The New Logon fields indicate the account for whom the new logon was created, i.e. the account that was logged on.

The network fields indicate where a remote logon request originated. Workstation name is not always available and may be left blank in some cases.

The impersonation level field indicates the extent to which a process in the logon session can impersonate.

The authentication information fields provide detailed information about this specific logon request.
	- Logon GUID is a unique identifier that can be used to correlate this event with a KDC event.
	- Transited services indicate which intermediate services have participated in this logon request.
	- Package name indicates which sub-protocol was used among the NTLM protocols.
	- Key length indicates the length of the generated session key. This will be 0 if no session key was requested.","Microsoft-Windows-Security-Auditing","System.String[]","4624","11/7/2023 3:59:26 PM","11/7/2023 3:59:26 PM",,,
"4616","DESKTOP-PHS6MQO","System.Byte[]","10236","(12288)","12288","SuccessAudit","The system time was changed.

Subject:
	Security ID:		S-1-5-19
	Account Name:		LOCAL SERVICE
	Account Domain:		NT AUTHORITY
	Logon ID:		0x3e5

Process Information:
	Process ID:	0xeac
	Name:		C:\Windows\System32\svchost.exe

Previous Time:		2023-11-07T20:59:19.316362200Z
New Time:		2023-11-07T20:59:19.317286500Z

This event is generated when the system time is changed. It is normal for the Windows Time Service, which runs with System privilege, to change the system time on a regular basis. Other system time changes may be indicative of attempts to tamper with the computer.","Microsoft-Windows-Security-Auditing","System.String[]","4616","11/7/2023 3:59:19 PM","11/7/2023 3:59:19 PM",,,
"4616","DESKTOP-PHS6MQO","System.Byte[]","10235","(12288)","12288","SuccessAudit","The system time was changed.

Subject:
	Security ID:		S-1-5-19
	Account Name:		LOCAL SERVICE
	Account Domain:		NT AUTHORITY
	Logon ID:		0x3e5

Process Information:
	Process ID:	0xeac
	Name:		C:\Windows\System32\svchost.exe

Previous Time:		2023-11-07T20:59:19.313551200Z
New Time:		2023-11-07T20:59:19.316362200Z

This event is generated when the system time is changed. It is normal for the Windows Time Service, which runs with System privilege, to change the system time on a regular basis. Other system time changes may be indicative of attempts to tamper with the computer.","Microsoft-Windows-Security-Auditing","System.String[]","4616","11/7/2023 3:59:19 PM","11/7/2023 3:59:19 PM",,,
"4616","DESKTOP-PHS6MQO","System.Byte[]","10234","(12288)","12288","SuccessAudit","The system time was changed.

Subject:
	Security ID:		S-1-5-19
	Account Name:		LOCAL SERVICE
	Account Domain:		NT AUTHORITY
	Logon ID:		0x3e5

Process Information:
	Process ID:	0xeac
	Name:		C:\Windows\System32\svchost.exe

Previous Time:		2023-11-07T19:59:17.910630100Z
New Time:		2023-11-07T20:59:19.313551200Z

This event is generated when the system time is changed. It is normal for the Windows Time Service, which runs with System privilege, to change the system time on a regular basis. Other system time changes may be indicative of attempts to tamper with the computer.","Microsoft-Windows-Security-Auditing","System.String[]","4616","11/7/2023 3:59:19 PM","11/7/2023 3:59:19 PM",,,
"5379","DESKTOP-PHS6MQO","System.Byte[]","10233","(13824)","13824","SuccessAudit","Credential Manager credentials were read.

Subject:
	Security ID:		S-1-5-19
	Account Name:		LOCAL SERVICE
	Account Domain:		NT AUTHORITY
	Logon ID:		0x3e5
	Read Operation:		%%8100

This event occurs when a user performs a read operation on stored credentials in Credential Manager.","Microsoft-Windows-Security-Auditing","System.String[]","5379","11/7/2023 2:59:01 PM","11/7/2023 2:59:01 PM",,,
"5379","DESKTOP-PHS6MQO","System.Byte[]","10232","(13824)","13824","SuccessAudit","Credential Manager credentials were read.

Subject:
	Security ID:		S-1-5-19
	Account Name:		LOCAL SERVICE
	Account Domain:		NT AUTHORITY
	Logon ID:		0x3e5
	Read Operation:		%%8100

This event occurs when a user performs a read operation on stored credentials in Credential Manager.","Microsoft-Windows-Security-Auditing","System.String[]","5379","11/7/2023 2:59:01 PM","11/7/2023 2:59:01 PM",,,
"5379","DESKTOP-PHS6MQO","System.Byte[]","10231","(13824)","13824","SuccessAudit","Credential Manager credentials were read.

Subject:
	Security ID:		S-1-5-19
	Account Name:		LOCAL SERVICE
	Account Domain:		NT AUTHORITY
	Logon ID:		0x3e5
	Read Operation:		%%8100

This event occurs when a user performs a read operation on stored credentials in Credential Manager.","Microsoft-Windows-Security-Auditing","System.String[]","5379","11/7/2023 2:59:01 PM","11/7/2023 2:59:01 PM",,,
"5379","DESKTOP-PHS6MQO","System.Byte[]","10230","(13824)","13824","SuccessAudit","Credential Manager credentials were read.

Subject:
	Security ID:		S-1-5-19
	Account Name:		LOCAL SERVICE
	Account Domain:		NT AUTHORITY
	Logon ID:		0x3e5
	Read Operation:		%%8100

This event occurs when a user performs a read operation on stored credentials in Credential Manager.","Microsoft-Windows-Security-Auditing","System.String[]","5379","11/7/2023 2:59:01 PM","11/7/2023 2:59:01 PM",,,
"5379","DESKTOP-PHS6MQO","System.Byte[]","10229","(13824)","13824","SuccessAudit","Credential Manager credentials were read.

Subject:
	Security ID:		S-1-5-19
	Account Name:		LOCAL SERVICE
	Account Domain:		NT AUTHORITY
	Logon ID:		0x3e5
	Read Operation:		%%8100

This event occurs when a user performs a read operation on stored credentials in Credential Manager.","Microsoft-Windows-Security-Auditing","System.String[]","5379","11/7/2023 2:59:01 PM","11/7/2023 2:59:01 PM",,,
"5379","DESKTOP-PHS6MQO","System.Byte[]","10228","(13824)","13824","SuccessAudit","Credential Manager credentials were read.

Subject:
	Security ID:		S-1-5-19
	Account Name:		LOCAL SERVICE
	Account Domain:		NT AUTHORITY
	Logon ID:		0x3e5
	Read Operation:		%%8100

This event occurs when a user performs a read operation on stored credentials in Credential Manager.","Microsoft-Windows-Security-Auditing","System.String[]","5379","11/7/2023 2:59:01 PM","11/7/2023 2:59:01 PM",,,
"5379","DESKTOP-PHS6MQO","System.Byte[]","10227","(13824)","13824","SuccessAudit","Credential Manager credentials were read.

Subject:
	Security ID:		S-1-5-19
	Account Name:		LOCAL SERVICE
	Account Domain:		NT AUTHORITY
	Logon ID:		0x3e5
	Read Operation:		%%8100

This event occurs when a user performs a read operation on stored credentials in Credential Manager.","Microsoft-Windows-Security-Auditing","System.String[]","5379","11/7/2023 2:59:01 PM","11/7/2023 2:59:01 PM",,,
"5379","DESKTOP-PHS6MQO","System.Byte[]","10226","(13824)","13824","SuccessAudit","Credential Manager credentials were read.

Subject:
	Security ID:		S-1-5-19
	Account Name:		LOCAL SERVICE
	Account Domain:		NT AUTHORITY
	Logon ID:		0x3e5
	Read Operation:		%%8100

This event occurs when a user performs a read operation on stored credentials in Credential Manager.","Microsoft-Windows-Security-Auditing","System.String[]","5379","11/7/2023 2:59:01 PM","11/7/2023 2:59:01 PM",,,
"5379","DESKTOP-PHS6MQO","System.Byte[]","10225","(13824)","13824","SuccessAudit","Credential Manager credentials were read.

Subject:
	Security ID:		S-1-5-19
	Account Name:		LOCAL SERVICE
	Account Domain:		NT AUTHORITY
	Logon ID:		0x3e5
	Read Operation:		%%8100

This event occurs when a user performs a read operation on stored credentials in Credential Manager.","Microsoft-Windows-Security-Auditing","System.String[]","5379","11/7/2023 2:59:01 PM","11/7/2023 2:59:01 PM",,,
"5379","DESKTOP-PHS6MQO","System.Byte[]","10224","(13824)","13824","SuccessAudit","Credential Manager credentials were read.

Subject:
	Security ID:		S-1-5-19
	Account Name:		LOCAL SERVICE
	Account Domain:		NT AUTHORITY
	Logon ID:		0x3e5
	Read Operation:		%%8100

This event occurs when a user performs a read operation on stored credentials in Credential Manager.","Microsoft-Windows-Security-Auditing","System.String[]","5379","11/7/2023 2:59:01 PM","11/7/2023 2:59:01 PM",,,
"4672","DESKTOP-PHS6MQO","System.Byte[]","10223","(12548)","12548","SuccessAudit","Special privileges assigned to new logon.

Subject:
	Security ID:		S-1-5-18
	Account Name:		SYSTEM
	Account Domain:		NT AUTHORITY
	Logon ID:		0x3e7

Privileges:		SeAssignPrimaryTokenPrivilege
			SeTcbPrivilege
			SeSecurityPrivilege
			SeTakeOwnershipPrivilege
			SeLoadDriverPrivilege
			SeBackupPrivilege
			SeRestorePrivilege
			SeDebugPrivilege
			SeAuditPrivilege
			SeSystemEnvironmentPrivilege
			SeImpersonatePrivilege
			SeDelegateSessionUserImpersonatePrivilege","Microsoft-Windows-Security-Auditing","System.String[]","4672","11/7/2023 2:59:00 PM","11/7/2023 2:59:00 PM",,,
