"4624","DESKTOP-PHS6MQO","System.Byte[]","9677","(12544)","12544","SuccessAudit","An account was successfully logged on.

Subject:
	Security ID:		S-1-5-18
	Account Name:		DESKTOP-PHS6MQO$
	Account Domain:		WORKGROUP
	Logon ID:		0x3e7

Logon Information:
	Logon Type:		5
	Restricted Admin Mode:	-
	Virtual Account:		%%1843
	Elevated Token:		%%1842

Impersonation Level:		%%1833

New Logon:
	Security ID:		S-1-5-18
	Account Name:		SYSTEM
	Account Domain:		NT AUTHORITY
	Logon ID:		0x3e7
	Linked Logon ID:		0x0
	Network Account Name:	-
	Network Account Domain:	-
	Logon GUID:		{00000000-0000-0000-0000-000000000000}

Process Information:
	Process ID:		0x258
	Process Name:		C:\Windows\System32\services.exe

Network Information:
	Workstation Name:	-
	Source Network Address:	-
	Source Port:		-

Detailed Authentication Information:
	Logon Process:		Advapi  
	Authentication Package:	Negotiate
	Transited Services:	-
	Package Name (NTLM only):	-
	Key Length:		0

This event is generated when a logon session is created. It is generated on the computer that was accessed.

The subject fields indicate the account on the local system which requested the logon. This is most commonly a service such as the Server service, or a local process such as Winlogon.exe or Services.exe.

The logon type field indicates the kind of logon that occurred. The most common types are 2 (interactive) and 3 (network).

The New Logon fields indicate the account for whom the new logon was created, i.e. the account that was logged on.

The network fields indicate where a remote logon request originated. Workstation name is not always available and may be left blank in some cases.

The impersonation level field indicates the extent to which a process in the logon session can impersonate.

The authentication information fields provide detailed information about this specific logon request.
	- Logon GUID is a unique identifier that can be used to correlate this event with a KDC event.
	- Transited services indicate which intermediate services have participated in this logon request.
	- Package name indicates which sub-protocol was used among the NTLM protocols.
	- Key length indicates the length of the generated session key. This will be 0 if no session key was requested.","Microsoft-Windows-Security-Auditing","System.String[]","4624","11/1/2023 11:56:26 AM","11/1/2023 11:56:26 AM",,,
"4672","DESKTOP-PHS6MQO","System.Byte[]","9676","(12548)","12548","SuccessAudit","Special privileges assigned to new logon.

Subject:
	Security ID:		S-1-5-18
	Account Name:		SYSTEM
	Account Domain:		NT AUTHORITY
	Logon ID:		0x3e7

Privileges:		SeAssignPrimaryTokenPrivilege
			SeTcbPrivilege
			SeSecurityPrivilege
			SeTakeOwnershipPrivilege
			SeLoadDriverPrivilege
			SeBackupPrivilege
			SeRestorePrivilege
			SeDebugPrivilege
			SeAuditPrivilege
			SeSystemEnvironmentPrivilege
			SeImpersonatePrivilege
			SeDelegateSessionUserImpersonatePrivilege","Microsoft-Windows-Security-Auditing","System.String[]","4672","11/1/2023 11:56:26 AM","11/1/2023 11:56:26 AM",,,
"4624","DESKTOP-PHS6MQO","System.Byte[]","9675","(12544)","12544","SuccessAudit","An account was successfully logged on.

Subject:
	Security ID:		S-1-5-18
	Account Name:		DESKTOP-PHS6MQO$
	Account Domain:		WORKGROUP
	Logon ID:		0x3e7

Logon Information:
	Logon Type:		5
	Restricted Admin Mode:	-
	Virtual Account:		%%1843
	Elevated Token:		%%1842

Impersonation Level:		%%1833

New Logon:
	Security ID:		S-1-5-18
	Account Name:		SYSTEM
	Account Domain:		NT AUTHORITY
	Logon ID:		0x3e7
	Linked Logon ID:		0x0
	Network Account Name:	-
	Network Account Domain:	-
	Logon GUID:		{00000000-0000-0000-0000-000000000000}

Process Information:
	Process ID:		0x258
	Process Name:		C:\Windows\System32\services.exe

Network Information:
	Workstation Name:	-
	Source Network Address:	-
	Source Port:		-

Detailed Authentication Information:
	Logon Process:		Advapi  
	Authentication Package:	Negotiate
	Transited Services:	-
	Package Name (NTLM only):	-
	Key Length:		0

This event is generated when a logon session is created. It is generated on the computer that was accessed.

The subject fields indicate the account on the local system which requested the logon. This is most commonly a service such as the Server service, or a local process such as Winlogon.exe or Services.exe.

The logon type field indicates the kind of logon that occurred. The most common types are 2 (interactive) and 3 (network).

The New Logon fields indicate the account for whom the new logon was created, i.e. the account that was logged on.

The network fields indicate where a remote logon request originated. Workstation name is not always available and may be left blank in some cases.

The impersonation level field indicates the extent to which a process in the logon session can impersonate.

The authentication information fields provide detailed information about this specific logon request.
	- Logon GUID is a unique identifier that can be used to correlate this event with a KDC event.
	- Transited services indicate which intermediate services have participated in this logon request.
	- Package name indicates which sub-protocol was used among the NTLM protocols.
	- Key length indicates the length of the generated session key. This will be 0 if no session key was requested.","Microsoft-Windows-Security-Auditing","System.String[]","4624","11/1/2023 11:56:26 AM","11/1/2023 11:56:26 AM",,,
"4624","DESKTOP-PHS6MQO","System.Byte[]","9674","(12544)","12544","SuccessAudit","An account was successfully logged on.

Subject:
	Security ID:		S-1-5-18
	Account Name:		DESKTOP-PHS6MQO$
	Account Domain:		WORKGROUP
	Logon ID:		0x3e7

Logon Information:
	Logon Type:		2
	Restricted Admin Mode:	-
	Virtual Account:		%%1842
	Elevated Token:		%%1843

Impersonation Level:		%%1833

New Logon:
	Security ID:		S-1-5-96-0-1
	Account Name:		UMFD-1
	Account Domain:		Font Driver Host
	Logon ID:		0x5927
	Linked Logon ID:		0x0
	Network Account Name:	-
	Network Account Domain:	-
	Logon GUID:		{00000000-0000-0000-0000-000000000000}

Process Information:
	Process ID:		0x214
	Process Name:		C:\Windows\System32\winlogon.exe

Network Information:
	Workstation Name:	-
	Source Network Address:	-
	Source Port:		-

Detailed Authentication Information:
	Logon Process:		Advapi  
	Authentication Package:	Negotiate
	Transited Services:	-
	Package Name (NTLM only):	-
	Key Length:		0

This event is generated when a logon session is created. It is generated on the computer that was accessed.

The subject fields indicate the account on the local system which requested the logon. This is most commonly a service such as the Server service, or a local process such as Winlogon.exe or Services.exe.

The logon type field indicates the kind of logon that occurred. The most common types are 2 (interactive) and 3 (network).

The New Logon fields indicate the account for whom the new logon was created, i.e. the account that was logged on.

The network fields indicate where a remote logon request originated. Workstation name is not always available and may be left blank in some cases.

The impersonation level field indicates the extent to which a process in the logon session can impersonate.

The authentication information fields provide detailed information about this specific logon request.
	- Logon GUID is a unique identifier that can be used to correlate this event with a KDC event.
	- Transited services indicate which intermediate services have participated in this logon request.
	- Package name indicates which sub-protocol was used among the NTLM protocols.
	- Key length indicates the length of the generated session key. This will be 0 if no session key was requested.","Microsoft-Windows-Security-Auditing","System.String[]","4624","11/1/2023 11:56:26 AM","11/1/2023 11:56:26 AM",,,
"4624","DESKTOP-PHS6MQO","System.Byte[]","9673","(12544)","12544","SuccessAudit","An account was successfully logged on.

Subject:
	Security ID:		S-1-5-18
	Account Name:		DESKTOP-PHS6MQO$
	Account Domain:		WORKGROUP
	Logon ID:		0x3e7

Logon Information:
	Logon Type:		2
	Restricted Admin Mode:	-
	Virtual Account:		%%1842
	Elevated Token:		%%1843

Impersonation Level:		%%1833

New Logon:
	Security ID:		S-1-5-96-0-0
	Account Name:		UMFD-0
	Account Domain:		Font Driver Host
	Logon ID:		0x5933
	Linked Logon ID:		0x0
	Network Account Name:	-
	Network Account Domain:	-
	Logon GUID:		{00000000-0000-0000-0000-000000000000}

Process Information:
	Process ID:		0x1d4
	Process Name:		C:\Windows\System32\wininit.exe

Network Information:
	Workstation Name:	-
	Source Network Address:	-
	Source Port:		-

Detailed Authentication Information:
	Logon Process:		Advapi  
	Authentication Package:	Negotiate
	Transited Services:	-
	Package Name (NTLM only):	-
	Key Length:		0

This event is generated when a logon session is created. It is generated on the computer that was accessed.

The subject fields indicate the account on the local system which requested the logon. This is most commonly a service such as the Server service, or a local process such as Winlogon.exe or Services.exe.

The logon type field indicates the kind of logon that occurred. The most common types are 2 (interactive) and 3 (network).

The New Logon fields indicate the account for whom the new logon was created, i.e. the account that was logged on.

The network fields indicate where a remote logon request originated. Workstation name is not always available and may be left blank in some cases.

The impersonation level field indicates the extent to which a process in the logon session can impersonate.

The authentication information fields provide detailed information about this specific logon request.
	- Logon GUID is a unique identifier that can be used to correlate this event with a KDC event.
	- Transited services indicate which intermediate services have participated in this logon request.
	- Package name indicates which sub-protocol was used among the NTLM protocols.
	- Key length indicates the length of the generated session key. This will be 0 if no session key was requested.","Microsoft-Windows-Security-Auditing","System.String[]","4624","11/1/2023 11:56:26 AM","11/1/2023 11:56:26 AM",,,
"4648","DESKTOP-PHS6MQO","System.Byte[]","9672","(12544)","12544","SuccessAudit","A logon was attempted using explicit credentials.

Subject:
	Security ID:		S-1-5-18
	Account Name:		DESKTOP-PHS6MQO$
	Account Domain:		WORKGROUP
	Logon ID:		0x3e7
	Logon GUID:		{00000000-0000-0000-0000-000000000000}

Account Whose Credentials Were Used:
	Account Name:		UMFD-1
	Account Domain:		Font Driver Host
	Logon GUID:		{00000000-0000-0000-0000-000000000000}

Target Server:
	Target Server Name:	localhost
	Additional Information:	localhost

Process Information:
	Process ID:		0x214
	Process Name:		C:\Windows\System32\winlogon.exe

Network Information:
	Network Address:	-
	Port:			-

This event is generated when a process attempts to log on an account by explicitly specifying that account?s credentials.  This most commonly occurs in batch-type configurations such as scheduled tasks, or when using the RUNAS command.","Microsoft-Windows-Security-Auditing","System.String[]","4648","11/1/2023 11:56:26 AM","11/1/2023 11:56:26 AM",,,
"4648","DESKTOP-PHS6MQO","System.Byte[]","9671","(12544)","12544","SuccessAudit","A logon was attempted using explicit credentials.

Subject:
	Security ID:		S-1-5-18
	Account Name:		DESKTOP-PHS6MQO$
	Account Domain:		WORKGROUP
	Logon ID:		0x3e7
	Logon GUID:		{00000000-0000-0000-0000-000000000000}

Account Whose Credentials Were Used:
	Account Name:		UMFD-0
	Account Domain:		Font Driver Host
	Logon GUID:		{00000000-0000-0000-0000-000000000000}

Target Server:
	Target Server Name:	localhost
	Additional Information:	localhost

Process Information:
	Process ID:		0x1d4
	Process Name:		C:\Windows\System32\wininit.exe

Network Information:
	Network Address:	-
	Port:			-

This event is generated when a process attempts to log on an account by explicitly specifying that account?s credentials.  This most commonly occurs in batch-type configurations such as scheduled tasks, or when using the RUNAS command.","Microsoft-Windows-Security-Auditing","System.String[]","4648","11/1/2023 11:56:26 AM","11/1/2023 11:56:26 AM",,,
"4902","DESKTOP-PHS6MQO","System.Byte[]","9670","(13568)","13568","SuccessAudit","The Per-user audit policy table was created.

Number of Elements:	0
Policy ID:	0x5759","Microsoft-Windows-Security-Auditing","System.String[]","4902","11/1/2023 11:56:26 AM","11/1/2023 11:56:26 AM",,,
"4624","DESKTOP-PHS6MQO","System.Byte[]","9669","(12544)","12544","SuccessAudit","An account was successfully logged on.

Subject:
	Security ID:		S-1-0-0
	Account Name:		-
	Account Domain:		-
	Logon ID:		0x0

Logon Information:
	Logon Type:		0
	Restricted Admin Mode:	-
	Virtual Account:		%%1843
	Elevated Token:		%%1842

Impersonation Level:		-

New Logon:
	Security ID:		S-1-5-18
	Account Name:		SYSTEM
	Account Domain:		NT AUTHORITY
	Logon ID:		0x3e7
	Linked Logon ID:		0x0
	Network Account Name:	-
	Network Account Domain:	-
	Logon GUID:		{00000000-0000-0000-0000-000000000000}

Process Information:
	Process ID:		0x4
	Process Name:		

Network Information:
	Workstation Name:	-
	Source Network Address:	-
	Source Port:		-

Detailed Authentication Information:
	Logon Process:		-
	Authentication Package:	-
	Transited Services:	-
	Package Name (NTLM only):	-
	Key Length:		0

This event is generated when a logon session is created. It is generated on the computer that was accessed.

The subject fields indicate the account on the local system which requested the logon. This is most commonly a service such as the Server service, or a local process such as Winlogon.exe or Services.exe.

The logon type field indicates the kind of logon that occurred. The most common types are 2 (interactive) and 3 (network).

The New Logon fields indicate the account for whom the new logon was created, i.e. the account that was logged on.

The network fields indicate where a remote logon request originated. Workstation name is not always available and may be left blank in some cases.

The impersonation level field indicates the extent to which a process in the logon session can impersonate.

The authentication information fields provide detailed information about this specific logon request.
	- Logon GUID is a unique identifier that can be used to correlate this event with a KDC event.
	- Transited services indicate which intermediate services have participated in this logon request.
	- Package name indicates which sub-protocol was used among the NTLM protocols.
	- Key length indicates the length of the generated session key. This will be 0 if no session key was requested.","Microsoft-Windows-Security-Auditing","System.String[]","4624","11/1/2023 11:56:26 AM","11/1/2023 11:56:26 AM",,,
"4608","DESKTOP-PHS6MQO","System.Byte[]","9668","(12288)","12288","SuccessAudit","Windows is starting up.

This event is logged when LSASS.EXE starts and the auditing subsystem is initialized.","Microsoft-Windows-Security-Auditing","System.String[]","4608","11/1/2023 11:56:26 AM","11/1/2023 11:56:26 AM",,,
"4688","DESKTOP-PHS6MQO","System.Byte[]","9667","(13312)","13312","SuccessAudit","A new process has been created.

Creator Subject:
	Security ID:		S-1-5-18
	Account Name:		-
	Account Domain:		-
	Logon ID:		0x3e7

Target Subject:
	Security ID:		S-1-0-0
	Account Name:		-
	Account Domain:		-
	Logon ID:		0x0

Process Information:
	New Process ID:		0x260
	New Process Name:	C
	Token Elevation Type:	%%1936
	Mandatory Label:		S-1-16-16384
	Creator Process ID:	0x1d4
	Creator Process Name:	C
	Process Command Line:	

Token Elevation Type indicates the type of token that was assigned to the new process in accordance with User Account Control policy.

Type 1 is a full token with no privileges removed or groups disabled.  A full token is only used if User Account Control is disabled or if the user is the built-in Administrator account or a service account.

Type 2 is an elevated token with no privileges removed or groups disabled.  An elevated token is used when User Account Control is enabled and the user chooses to start the program using Run as administrator.  An elevated token is also used when an application is configured to always require administrative privilege or to always require maximum privilege, and the user is a member of the Administrators group.

Type 3 is a limited token with administrative privileges removed and administrative groups disabled.  The limited token is used when User Account Control is enabled, the application does not require administrative privilege, and the user does not choose to start the program using Run as administrator.","Microsoft-Windows-Security-Auditing","System.String[]","4688","11/1/2023 11:56:26 AM","11/1/2023 11:56:26 AM",,,
"4688","DESKTOP-PHS6MQO","System.Byte[]","9666","(13312)","13312","SuccessAudit","A new process has been created.

Creator Subject:
	Security ID:		S-1-5-18
	Account Name:		-
	Account Domain:		-
	Logon ID:		0x3e7

Target Subject:
	Security ID:		S-1-0-0
	Account Name:		-
	Account Domain:		-
	Logon ID:		0x0

Process Information:
	New Process ID:		0x258
	New Process Name:	C
	Token Elevation Type:	%%1936
	Mandatory Label:		S-1-16-16384
	Creator Process ID:	0x1d4
	Creator Process Name:	C
	Process Command Line:	

Token Elevation Type indicates the type of token that was assigned to the new process in accordance with User Account Control policy.

Type 1 is a full token with no privileges removed or groups disabled.  A full token is only used if User Account Control is disabled or if the user is the built-in Administrator account or a service account.

Type 2 is an elevated token with no privileges removed or groups disabled.  An elevated token is used when User Account Control is enabled and the user chooses to start the program using Run as administrator.  An elevated token is also used when an application is configured to always require administrative privilege or to always require maximum privilege, and the user is a member of the Administrators group.

Type 3 is a limited token with administrative privileges removed and administrative groups disabled.  The limited token is used when User Account Control is enabled, the application does not require administrative privilege, and the user does not choose to start the program using Run as administrator.","Microsoft-Windows-Security-Auditing","System.String[]","4688","11/1/2023 11:56:26 AM","11/1/2023 11:56:26 AM",,,
"4688","DESKTOP-PHS6MQO","System.Byte[]","9665","(13312)","13312","SuccessAudit","A new process has been created.

Creator Subject:
	Security ID:		S-1-5-18
	Account Name:		-
	Account Domain:		-
	Logon ID:		0x3e7

Target Subject:
	Security ID:		S-1-0-0
	Account Name:		-
	Account Domain:		-
	Logon ID:		0x0

Process Information:
	New Process ID:		0x214
	New Process Name:	C
	Token Elevation Type:	%%1936
	Mandatory Label:		S-1-16-16384
	Creator Process ID:	0x1cc
	Creator Process Name:	C
	Process Command Line:	

Token Elevation Type indicates the type of token that was assigned to the new process in accordance with User Account Control policy.

Type 1 is a full token with no privileges removed or groups disabled.  A full token is only used if User Account Control is disabled or if the user is the built-in Administrator account or a service account.

Type 2 is an elevated token with no privileges removed or groups disabled.  An elevated token is used when User Account Control is enabled and the user chooses to start the program using Run as administrator.  An elevated token is also used when an application is configured to always require administrative privilege or to always require maximum privilege, and the user is a member of the Administrators group.

Type 3 is a limited token with administrative privileges removed and administrative groups disabled.  The limited token is used when User Account Control is enabled, the application does not require administrative privilege, and the user does not choose to start the program using Run as administrator.","Microsoft-Windows-Security-Auditing","System.String[]","4688","11/1/2023 11:56:26 AM","11/1/2023 11:56:26 AM",,,
"4688","DESKTOP-PHS6MQO","System.Byte[]","9664","(13312)","13312","SuccessAudit","A new process has been created.

Creator Subject:
	Security ID:		S-1-5-18
	Account Name:		-
	Account Domain:		-
	Logon ID:		0x3e7

Target Subject:
	Security ID:		S-1-0-0
	Account Name:		-
	Account Domain:		-
	Logon ID:		0x0

Process Information:
	New Process ID:		0x1dc
	New Process Name:	C
	Token Elevation Type:	%%1936
	Mandatory Label:		S-1-16-16384
	Creator Process ID:	0x1cc
	Creator Process Name:	C
	Process Command Line:	

Token Elevation Type indicates the type of token that was assigned to the new process in accordance with User Account Control policy.

Type 1 is a full token with no privileges removed or groups disabled.  A full token is only used if User Account Control is disabled or if the user is the built-in Administrator account or a service account.

Type 2 is an elevated token with no privileges removed or groups disabled.  An elevated token is used when User Account Control is enabled and the user chooses to start the program using Run as administrator.  An elevated token is also used when an application is configured to always require administrative privilege or to always require maximum privilege, and the user is a member of the Administrators group.

Type 3 is a limited token with administrative privileges removed and administrative groups disabled.  The limited token is used when User Account Control is enabled, the application does not require administrative privilege, and the user does not choose to start the program using Run as administrator.","Microsoft-Windows-Security-Auditing","System.String[]","4688","11/1/2023 11:56:26 AM","11/1/2023 11:56:26 AM",,,
"4688","DESKTOP-PHS6MQO","System.Byte[]","9663","(13312)","13312","SuccessAudit","A new process has been created.

Creator Subject:
	Security ID:		S-1-5-18
	Account Name:		-
	Account Domain:		-
	Logon ID:		0x3e7

Target Subject:
	Security ID:		S-1-0-0
	Account Name:		-
	Account Domain:		-
	Logon ID:		0x0

Process Information:
	New Process ID:		0x1d4
	New Process Name:	C
	Token Elevation Type:	%%1936
	Mandatory Label:		S-1-16-16384
	Creator Process ID:	0x180
	Creator Process Name:	C
	Process Command Line:	

Token Elevation Type indicates the type of token that was assigned to the new process in accordance with User Account Control policy.

Type 1 is a full token with no privileges removed or groups disabled.  A full token is only used if User Account Control is disabled or if the user is the built-in Administrator account or a service account.

Type 2 is an elevated token with no privileges removed or groups disabled.  An elevated token is used when User Account Control is enabled and the user chooses to start the program using Run as administrator.  An elevated token is also used when an application is configured to always require administrative privilege or to always require maximum privilege, and the user is a member of the Administrators group.

Type 3 is a limited token with administrative privileges removed and administrative groups disabled.  The limited token is used when User Account Control is enabled, the application does not require administrative privilege, and the user does not choose to start the program using Run as administrator.","Microsoft-Windows-Security-Auditing","System.String[]","4688","11/1/2023 11:56:26 AM","11/1/2023 11:56:26 AM",,,
"4688","DESKTOP-PHS6MQO","System.Byte[]","9662","(13312)","13312","SuccessAudit","A new process has been created.

Creator Subject:
	Security ID:		S-1-5-18
	Account Name:		-
	Account Domain:		-
	Logon ID:		0x3e7

Target Subject:
	Security ID:		S-1-0-0
	Account Name:		-
	Account Domain:		-
	Logon ID:		0x0

Process Information:
	New Process ID:		0x1cc
	New Process Name:	C
	Token Elevation Type:	%%1936
	Mandatory Label:		S-1-16-16384
	Creator Process ID:	0x130
	Creator Process Name:	C
	Process Command Line:	

Token Elevation Type indicates the type of token that was assigned to the new process in accordance with User Account Control policy.

Type 1 is a full token with no privileges removed or groups disabled.  A full token is only used if User Account Control is disabled or if the user is the built-in Administrator account or a service account.

Type 2 is an elevated token with no privileges removed or groups disabled.  An elevated token is used when User Account Control is enabled and the user chooses to start the program using Run as administrator.  An elevated token is also used when an application is configured to always require administrative privilege or to always require maximum privilege, and the user is a member of the Administrators group.

Type 3 is a limited token with administrative privileges removed and administrative groups disabled.  The limited token is used when User Account Control is enabled, the application does not require administrative privilege, and the user does not choose to start the program using Run as administrator.","Microsoft-Windows-Security-Auditing","System.String[]","4688","11/1/2023 11:56:26 AM","11/1/2023 11:56:26 AM",,,
"4688","DESKTOP-PHS6MQO","System.Byte[]","9661","(13312)","13312","SuccessAudit","A new process has been created.

Creator Subject:
	Security ID:		S-1-5-18
	Account Name:		-
	Account Domain:		-
	Logon ID:		0x3e7

Target Subject:
	Security ID:		S-1-0-0
	Account Name:		-
	Account Domain:		-
	Logon ID:		0x0

Process Information:
	New Process ID:		0x188
	New Process Name:	C
	Token Elevation Type:	%%1936
	Mandatory Label:		S-1-16-16384
	Creator Process ID:	0x180
	Creator Process Name:	C
	Process Command Line:	

Token Elevation Type indicates the type of token that was assigned to the new process in accordance with User Account Control policy.

Type 1 is a full token with no privileges removed or groups disabled.  A full token is only used if User Account Control is disabled or if the user is the built-in Administrator account or a service account.

Type 2 is an elevated token with no privileges removed or groups disabled.  An elevated token is used when User Account Control is enabled and the user chooses to start the program using Run as administrator.  An elevated token is also used when an application is configured to always require administrative privilege or to always require maximum privilege, and the user is a member of the Administrators group.

Type 3 is a limited token with administrative privileges removed and administrative groups disabled.  The limited token is used when User Account Control is enabled, the application does not require administrative privilege, and the user does not choose to start the program using Run as administrator.","Microsoft-Windows-Security-Auditing","System.String[]","4688","11/1/2023 11:56:26 AM","11/1/2023 11:56:26 AM",,,
"4688","DESKTOP-PHS6MQO","System.Byte[]","9660","(13312)","13312","SuccessAudit","A new process has been created.

Creator Subject:
	Security ID:		S-1-5-18
	Account Name:		-
	Account Domain:		-
	Logon ID:		0x3e7

Target Subject:
	Security ID:		S-1-0-0
	Account Name:		-
	Account Domain:		-
	Logon ID:		0x0

Process Information:
	New Process ID:		0x180
	New Process Name:	C
	Token Elevation Type:	%%1936
	Mandatory Label:		S-1-16-16384
	Creator Process ID:	0x130
	Creator Process Name:	C
	Process Command Line:	

Token Elevation Type indicates the type of token that was assigned to the new process in accordance with User Account Control policy.

Type 1 is a full token with no privileges removed or groups disabled.  A full token is only used if User Account Control is disabled or if the user is the built-in Administrator account or a service account.

Type 2 is an elevated token with no privileges removed or groups disabled.  An elevated token is used when User Account Control is enabled and the user chooses to start the program using Run as administrator.  An elevated token is also used when an application is configured to always require administrative privilege or to always require maximum privilege, and the user is a member of the Administrators group.

Type 3 is a limited token with administrative privileges removed and administrative groups disabled.  The limited token is used when User Account Control is enabled, the application does not require administrative privilege, and the user does not choose to start the program using Run as administrator.","Microsoft-Windows-Security-Auditing","System.String[]","4688","11/1/2023 11:56:26 AM","11/1/2023 11:56:26 AM",,,
"4688","DESKTOP-PHS6MQO","System.Byte[]","9659","(13312)","13312","SuccessAudit","A new process has been created.

Creator Subject:
	Security ID:		S-1-5-18
	Account Name:		-
	Account Domain:		-
	Logon ID:		0x3e7

Target Subject:
	Security ID:		S-1-0-0
	Account Name:		-
	Account Domain:		-
	Logon ID:		0x0

Process Information:
	New Process ID:		0x148
	New Process Name:	C
	Token Elevation Type:	%%1936
	Mandatory Label:		S-1-16-16384
	Creator Process ID:	0x130
	Creator Process Name:	C
	Process Command Line:	

Token Elevation Type indicates the type of token that was assigned to the new process in accordance with User Account Control policy.

Type 1 is a full token with no privileges removed or groups disabled.  A full token is only used if User Account Control is disabled or if the user is the built-in Administrator account or a service account.

Type 2 is an elevated token with no privileges removed or groups disabled.  An elevated token is used when User Account Control is enabled and the user chooses to start the program using Run as administrator.  An elevated token is also used when an application is configured to always require administrative privilege or to always require maximum privilege, and the user is a member of the Administrators group.

Type 3 is a limited token with administrative privileges removed and administrative groups disabled.  The limited token is used when User Account Control is enabled, the application does not require administrative privilege, and the user does not choose to start the program using Run as administrator.","Microsoft-Windows-Security-Auditing","System.String[]","4688","11/1/2023 11:56:25 AM","11/1/2023 11:56:25 AM",,,
"4688","DESKTOP-PHS6MQO","System.Byte[]","9658","(13312)","13312","SuccessAudit","A new process has been created.

Creator Subject:
	Security ID:		S-1-5-18
	Account Name:		-
	Account Domain:		-
	Logon ID:		0x3e7

Target Subject:
	Security ID:		S-1-0-0
	Account Name:		-
	Account Domain:		-
	Logon ID:		0x0

Process Information:
	New Process ID:		0x130
	New Process Name:	C
	Token Elevation Type:	%%1936
	Mandatory Label:		S-1-16-16384
	Creator Process ID:	0x4
	Creator Process Name:	
	Process Command Line:	

Token Elevation Type indicates the type of token that was assigned to the new process in accordance with User Account Control policy.

Type 1 is a full token with no privileges removed or groups disabled.  A full token is only used if User Account Control is disabled or if the user is the built-in Administrator account or a service account.

Type 2 is an elevated token with no privileges removed or groups disabled.  An elevated token is used when User Account Control is enabled and the user chooses to start the program using Run as administrator.  An elevated token is also used when an application is configured to always require administrative privilege or to always require maximum privilege, and the user is a member of the Administrators group.

Type 3 is a limited token with administrative privileges removed and administrative groups disabled.  The limited token is used when User Account Control is enabled, the application does not require administrative privilege, and the user does not choose to start the program using Run as administrator.","Microsoft-Windows-Security-Auditing","System.String[]","4688","11/1/2023 11:56:25 AM","11/1/2023 11:56:25 AM",,,
"4826","DESKTOP-PHS6MQO","System.Byte[]","9657","(13573)","13573","SuccessAudit","Boot Configuration Data loaded.

Subject:
	Security ID:		S-1-5-18
	Account Name:		-
	Account Domain:		-
	Logon ID:		0x3e7

General Settings:
	Load Options:		-
	Advanced Options:		%%1843
	Configuration Access Policy:	%%1846
	System Event Logging:	%%1843
	Kernel Debugging:	%%1843
	VSM Launch Type:	%%1848

Signature Settings:
	Test Signing:		%%1843
	Flight Signing:		%%1843
	Disable Integrity Checks:	%%1843

HyperVisor Settings:
	HyperVisor Load Options:	-
	HyperVisor Launch Type:	%%1848
	HyperVisor Debugging:	%%1843","Microsoft-Windows-Security-Auditing","System.String[]","4826","11/1/2023 11:56:25 AM","11/1/2023 11:56:25 AM",,,
"4696","DESKTOP-PHS6MQO","System.Byte[]","9656","(13312)","13312","SuccessAudit","A primary token was assigned to process.

Subject:
	Security ID:		S-1-5-18
	Account Name:		-
	Account Domain:		-
	Logon ID:		0x3e7

Process Information:
	Process ID:	0x4
	Process Name:	

Target Process:
	Target Process ID:	0x58
	Target Process Name:	Registry

New Token Information:
	Security ID:		S-1-0-0
	Account Name:		-
	Account Domain:		-
	Logon ID:		0x3e7","Microsoft-Windows-Security-Auditing","System.String[]","4696","11/1/2023 11:56:25 AM","11/1/2023 11:56:25 AM",,,
"4688","DESKTOP-PHS6MQO","System.Byte[]","9655","(13312)","13312","SuccessAudit","A new process has been created.

Creator Subject:
	Security ID:		S-1-5-18
	Account Name:		-
	Account Domain:		-
	Logon ID:		0x3e7

Target Subject:
	Security ID:		S-1-0-0
	Account Name:		-
	Account Domain:		-
	Logon ID:		0x0

Process Information:
	New Process ID:		0x58
	New Process Name:	R
	Token Elevation Type:	%%1936
	Mandatory Label:		S-1-16-16384
	Creator Process ID:	0x4
	Creator Process Name:	
	Process Command Line:	

Token Elevation Type indicates the type of token that was assigned to the new process in accordance with User Account Control policy.

Type 1 is a full token with no privileges removed or groups disabled.  A full token is only used if User Account Control is disabled or if the user is the built-in Administrator account or a service account.

Type 2 is an elevated token with no privileges removed or groups disabled.  An elevated token is used when User Account Control is enabled and the user chooses to start the program using Run as administrator.  An elevated token is also used when an application is configured to always require administrative privilege or to always require maximum privilege, and the user is a member of the Administrators group.

Type 3 is a limited token with administrative privileges removed and administrative groups disabled.  The limited token is used when User Account Control is enabled, the application does not require administrative privilege, and the user does not choose to start the program using Run as administrator.","Microsoft-Windows-Security-Auditing","System.String[]","4688","11/1/2023 11:56:25 AM","11/1/2023 11:56:25 AM",,,
"1101","DESKTOP-PHS6MQO","System.Byte[]","9654","(101)","101","SuccessAudit","Audit events have been dropped by the transport.  0","Microsoft-Windows-Eventlog","System.String[]","1101","11/1/2023 11:56:27 AM","11/1/2023 11:56:27 AM",,,
"4798","DESKTOP-PHS6MQO","System.Byte[]","9653","(13824)","13824","SuccessAudit","A user's local group membership was enumerated.

Subject:
	Security ID:		S-1-5-21-1760974914-2075844823-2079291112-1002
	Account Name:		champuser
	Account Domain:		DESKTOP-PHS6MQO
	Logon ID:		0x402ad

User:
	Security ID:		S-1-5-21-1760974914-2075844823-2079291112-1002
	Account Name:		champuser
	Account Domain:		DESKTOP-PHS6MQO

Process Information:
	Process ID:		0x730
	Process Name:		C:\Program Files\Git\usr\bin\mintty.exe","Microsoft-Windows-Security-Auditing","System.String[]","4798","10/25/2023 5:21:51 PM","10/25/2023 5:21:51 PM",,,
"4798","DESKTOP-PHS6MQO","System.Byte[]","9652","(13824)","13824","SuccessAudit","A user's local group membership was enumerated.

Subject:
	Security ID:		S-1-5-21-1760974914-2075844823-2079291112-1002
	Account Name:		champuser
	Account Domain:		DESKTOP-PHS6MQO
	Logon ID:		0x402ad

User:
	Security ID:		S-1-5-21-1760974914-2075844823-2079291112-1002
	Account Name:		champuser
	Account Domain:		DESKTOP-PHS6MQO

Process Information:
	Process ID:		0x4f8
	Process Name:		C:\Windows\explorer.exe","Microsoft-Windows-Security-Auditing","System.String[]","4798","10/25/2023 5:20:58 PM","10/25/2023 5:20:58 PM",,,
"4798","DESKTOP-PHS6MQO","System.Byte[]","9651","(13824)","13824","SuccessAudit","A user's local group membership was enumerated.

Subject:
	Security ID:		S-1-5-21-1760974914-2075844823-2079291112-1002
	Account Name:		champuser
	Account Domain:		DESKTOP-PHS6MQO
	Logon ID:		0x40285

User:
	Security ID:		S-1-5-21-1760974914-2075844823-2079291112-1002
	Account Name:		champuser
	Account Domain:		DESKTOP-PHS6MQO

Process Information:
	Process ID:		0xcd8
	Process Name:		C:\Windows\System32\WindowsPowerShell\v1.0\powershell_ise.exe","Microsoft-Windows-Security-Auditing","System.String[]","4798","10/25/2023 5:20:53 PM","10/25/2023 5:20:53 PM",,,
"4798","DESKTOP-PHS6MQO","System.Byte[]","9650","(13824)","13824","SuccessAudit","A user's local group membership was enumerated.

Subject:
	Security ID:		S-1-5-21-1760974914-2075844823-2079291112-1002
	Account Name:		champuser
	Account Domain:		DESKTOP-PHS6MQO
	Logon ID:		0x40285

User:
	Security ID:		S-1-5-21-1760974914-2075844823-2079291112-1002
	Account Name:		champuser
	Account Domain:		DESKTOP-PHS6MQO

Process Information:
	Process ID:		0xcd8
	Process Name:		C:\Windows\System32\WindowsPowerShell\v1.0\powershell_ise.exe","Microsoft-Windows-Security-Auditing","System.String[]","4798","10/25/2023 5:16:06 PM","10/25/2023 5:16:06 PM",,,
"4798","DESKTOP-PHS6MQO","System.Byte[]","9649","(13824)","13824","SuccessAudit","A user's local group membership was enumerated.

Subject:
	Security ID:		S-1-5-21-1760974914-2075844823-2079291112-1002
	Account Name:		champuser
	Account Domain:		DESKTOP-PHS6MQO
	Logon ID:		0x40285

User:
	Security ID:		S-1-5-21-1760974914-2075844823-2079291112-1002
	Account Name:		champuser
	Account Domain:		DESKTOP-PHS6MQO

Process Information:
	Process ID:		0xcd8
	Process Name:		C:\Windows\System32\WindowsPowerShell\v1.0\powershell_ise.exe","Microsoft-Windows-Security-Auditing","System.String[]","4798","10/25/2023 5:12:00 PM","10/25/2023 5:12:00 PM",,,
"4798","DESKTOP-PHS6MQO","System.Byte[]","9648","(13824)","13824","SuccessAudit","A user's local group membership was enumerated.

Subject:
	Security ID:		S-1-5-21-1760974914-2075844823-2079291112-1002
	Account Name:		champuser
	Account Domain:		DESKTOP-PHS6MQO
	Logon ID:		0x40285

User:
	Security ID:		S-1-5-21-1760974914-2075844823-2079291112-1002
	Account Name:		champuser
	Account Domain:		DESKTOP-PHS6MQO

Process Information:
	Process ID:		0xcd8
	Process Name:		C:\Windows\System32\WindowsPowerShell\v1.0\powershell_ise.exe","Microsoft-Windows-Security-Auditing","System.String[]","4798","10/25/2023 5:11:36 PM","10/25/2023 5:11:36 PM",,,
"4672","DESKTOP-PHS6MQO","System.Byte[]","9647","(12548)","12548","SuccessAudit","Special privileges assigned to new logon.

Subject:
	Security ID:		S-1-5-18
	Account Name:		SYSTEM
	Account Domain:		NT AUTHORITY
	Logon ID:		0x3e7

Privileges:		SeAssignPrimaryTokenPrivilege
			SeTcbPrivilege
			SeSecurityPrivilege
			SeTakeOwnershipPrivilege
			SeLoadDriverPrivilege
			SeBackupPrivilege
			SeRestorePrivilege
			SeDebugPrivilege
			SeAuditPrivilege
			SeSystemEnvironmentPrivilege
			SeImpersonatePrivilege
			SeDelegateSessionUserImpersonatePrivilege","Microsoft-Windows-Security-Auditing","System.String[]","4672","10/25/2023 5:09:00 PM","10/25/2023 5:09:00 PM",,,
"4624","DESKTOP-PHS6MQO","System.Byte[]","9646","(12544)","12544","SuccessAudit","An account was successfully logged on.

Subject:
	Security ID:		S-1-5-18
	Account Name:		DESKTOP-PHS6MQO$
	Account Domain:		WORKGROUP
	Logon ID:		0x3e7

Logon Information:
	Logon Type:		5
	Restricted Admin Mode:	-
	Virtual Account:		%%1843
	Elevated Token:		%%1842

Impersonation Level:		%%1833

New Logon:
	Security ID:		S-1-5-18
	Account Name:		SYSTEM
	Account Domain:		NT AUTHORITY
	Logon ID:		0x3e7
	Linked Logon ID:		0x0
	Network Account Name:	-
	Network Account Domain:	-
	Logon GUID:		{00000000-0000-0000-0000-000000000000}

Process Information:
	Process ID:		0x260
	Process Name:		C:\Windows\System32\services.exe

Network Information:
	Workstation Name:	-
	Source Network Address:	-
	Source Port:		-

Detailed Authentication Information:
	Logon Process:		Advapi  
	Authentication Package:	Negotiate
	Transited Services:	-
	Package Name (NTLM only):	-
	Key Length:		0

This event is generated when a logon session is created. It is generated on the computer that was accessed.

The subject fields indicate the account on the local system which requested the logon. This is most commonly a service such as the Server service, or a local process such as Winlogon.exe or Services.exe.

The logon type field indicates the kind of logon that occurred. The most common types are 2 (interactive) and 3 (network).

The New Logon fields indicate the account for whom the new logon was created, i.e. the account that was logged on.

The network fields indicate where a remote logon request originated. Workstation name is not always available and may be left blank in some cases.

The impersonation level field indicates the extent to which a process in the logon session can impersonate.

The authentication information fields provide detailed information about this specific logon request.
	- Logon GUID is a unique identifier that can be used to correlate this event with a KDC event.
	- Transited services indicate which intermediate services have participated in this logon request.
	- Package name indicates which sub-protocol was used among the NTLM protocols.
	- Key length indicates the length of the generated session key. This will be 0 if no session key was requested.","Microsoft-Windows-Security-Auditing","System.String[]","4624","10/25/2023 5:09:00 PM","10/25/2023 5:09:00 PM",,,
"4798","DESKTOP-PHS6MQO","System.Byte[]","9645","(13824)","13824","SuccessAudit","A user's local group membership was enumerated.

Subject:
	Security ID:		S-1-5-21-1760974914-2075844823-2079291112-1002
	Account Name:		champuser
	Account Domain:		DESKTOP-PHS6MQO
	Logon ID:		0x40285

User:
	Security ID:		S-1-5-21-1760974914-2075844823-2079291112-1002
	Account Name:		champuser
	Account Domain:		DESKTOP-PHS6MQO

Process Information:
	Process ID:		0xcd8
	Process Name:		C:\Windows\System32\WindowsPowerShell\v1.0\powershell_ise.exe","Microsoft-Windows-Security-Auditing","System.String[]","4798","10/25/2023 5:07:55 PM","10/25/2023 5:07:55 PM",,,
"4798","DESKTOP-PHS6MQO","System.Byte[]","9644","(13824)","13824","SuccessAudit","A user's local group membership was enumerated.

Subject:
	Security ID:		S-1-5-21-1760974914-2075844823-2079291112-1002
	Account Name:		champuser
	Account Domain:		DESKTOP-PHS6MQO
	Logon ID:		0x40285

User:
	Security ID:		S-1-5-21-1760974914-2075844823-2079291112-1002
	Account Name:		champuser
	Account Domain:		DESKTOP-PHS6MQO

Process Information:
	Process ID:		0xcd8
	Process Name:		C:\Windows\System32\WindowsPowerShell\v1.0\powershell_ise.exe","Microsoft-Windows-Security-Auditing","System.String[]","4798","10/25/2023 5:02:27 PM","10/25/2023 5:02:27 PM",,,
"4798","DESKTOP-PHS6MQO","System.Byte[]","9643","(13824)","13824","SuccessAudit","A user's local group membership was enumerated.

Subject:
	Security ID:		S-1-5-21-1760974914-2075844823-2079291112-1002
	Account Name:		champuser
	Account Domain:		DESKTOP-PHS6MQO
	Logon ID:		0x40285

User:
	Security ID:		S-1-5-21-1760974914-2075844823-2079291112-1002
	Account Name:		champuser
	Account Domain:		DESKTOP-PHS6MQO

Process Information:
	Process ID:		0xcd8
	Process Name:		C:\Windows\System32\WindowsPowerShell\v1.0\powershell_ise.exe","Microsoft-Windows-Security-Auditing","System.String[]","4798","10/25/2023 5:02:00 PM","10/25/2023 5:02:00 PM",,,
"4798","DESKTOP-PHS6MQO","System.Byte[]","9642","(13824)","13824","SuccessAudit","A user's local group membership was enumerated.

Subject:
	Security ID:		S-1-5-21-1760974914-2075844823-2079291112-1002
	Account Name:		champuser
	Account Domain:		DESKTOP-PHS6MQO
	Logon ID:		0x40285

User:
	Security ID:		S-1-5-21-1760974914-2075844823-2079291112-1002
	Account Name:		champuser
	Account Domain:		DESKTOP-PHS6MQO

Process Information:
	Process ID:		0xcd8
	Process Name:		C:\Windows\System32\WindowsPowerShell\v1.0\powershell_ise.exe","Microsoft-Windows-Security-Auditing","System.String[]","4798","10/25/2023 5:02:00 PM","10/25/2023 5:02:00 PM",,,
"4797","DESKTOP-PHS6MQO","System.Byte[]","9641","(13824)","13824","SuccessAudit","An attempt was made to query the existence of a blank password for an account.

Subject:
	Security ID:		S-1-5-21-1760974914-2075844823-2079291112-1002
	Account Name:		champuser
	Account Domain:		DESKTOP-PHS6MQO
	Logon ID:		0x402ad

Additional Information:
	Caller Workstation:	DESKTOP-PHS6MQO
	Target Account Name:	WDAGUtilityAccount
	Target Account Domain:	DESKTOP-PHS6MQO","Microsoft-Windows-Security-Auditing","System.String[]","4797","10/25/2023 4:41:50 PM","10/25/2023 4:41:50 PM",,,
"4797","DESKTOP-PHS6MQO","System.Byte[]","9640","(13824)","13824","SuccessAudit","An attempt was made to query the existence of a blank password for an account.

Subject:
	Security ID:		S-1-5-21-1760974914-2075844823-2079291112-1002
	Account Name:		champuser
	Account Domain:		DESKTOP-PHS6MQO
	Logon ID:		0x402ad

Additional Information:
	Caller Workstation:	DESKTOP-PHS6MQO
	Target Account Name:	Guest
	Target Account Domain:	DESKTOP-PHS6MQO","Microsoft-Windows-Security-Auditing","System.String[]","4797","10/25/2023 4:41:50 PM","10/25/2023 4:41:50 PM",,,
"4797","DESKTOP-PHS6MQO","System.Byte[]","9639","(13824)","13824","SuccessAudit","An attempt was made to query the existence of a blank password for an account.

Subject:
	Security ID:		S-1-5-21-1760974914-2075844823-2079291112-1002
	Account Name:		champuser
	Account Domain:		DESKTOP-PHS6MQO
	Logon ID:		0x402ad

Additional Information:
	Caller Workstation:	DESKTOP-PHS6MQO
	Target Account Name:	DefaultAccount
	Target Account Domain:	DESKTOP-PHS6MQO","Microsoft-Windows-Security-Auditing","System.String[]","4797","10/25/2023 4:41:50 PM","10/25/2023 4:41:50 PM",,,
"4797","DESKTOP-PHS6MQO","System.Byte[]","9638","(13824)","13824","SuccessAudit","An attempt was made to query the existence of a blank password for an account.

Subject:
	Security ID:		S-1-5-21-1760974914-2075844823-2079291112-1002
	Account Name:		champuser
	Account Domain:		DESKTOP-PHS6MQO
	Logon ID:		0x402ad

Additional Information:
	Caller Workstation:	DESKTOP-PHS6MQO
	Target Account Name:	Administrator
	Target Account Domain:	DESKTOP-PHS6MQO","Microsoft-Windows-Security-Auditing","System.String[]","4797","10/25/2023 4:41:50 PM","10/25/2023 4:41:50 PM",,,
"5379","DESKTOP-PHS6MQO","System.Byte[]","9637","(13824)","13824","SuccessAudit","Credential Manager credentials were read.

Subject:
	Security ID:		S-1-5-21-1760974914-2075844823-2079291112-1002
	Account Name:		champuser
	Account Domain:		DESKTOP-PHS6MQO
	Logon ID:		0x402ad
	Read Operation:		%%8099

This event occurs when a user performs a read operation on stored credentials in Credential Manager.","Microsoft-Windows-Security-Auditing","System.String[]","5379","10/25/2023 4:39:27 PM","10/25/2023 4:39:27 PM",,,
"4798","DESKTOP-PHS6MQO","System.Byte[]","9636","(13824)","13824","SuccessAudit","A user's local group membership was enumerated.

Subject:
	Security ID:		S-1-5-21-1760974914-2075844823-2079291112-1002
	Account Name:		champuser
	Account Domain:		DESKTOP-PHS6MQO
	Logon ID:		0x402ad

User:
	Security ID:		S-1-5-21-1760974914-2075844823-2079291112-1002
	Account Name:		champuser
	Account Domain:		DESKTOP-PHS6MQO

Process Information:
	Process ID:		0x11a8
	Process Name:		C:\Program Files\Git\usr\bin\sh.exe","Microsoft-Windows-Security-Auditing","System.String[]","4798","10/25/2023 4:39:27 PM","10/25/2023 4:39:27 PM",,,
"5382","DESKTOP-PHS6MQO","System.Byte[]","9635","(13824)","13824","SuccessAudit","Vault credentials were read.

Subject:
	Security ID:		S-1-5-21-1760974914-2075844823-2079291112-1002
	Account Name:		champuser
	Account Domain:		DESKTOP-PHS6MQO
	Logon ID:		0x402ad

This event occurs when a user reads a stored vault credential.","Microsoft-Windows-Security-Auditing","System.String[]","5382","10/25/2023 4:39:26 PM","10/25/2023 4:39:26 PM",,,
"5382","DESKTOP-PHS6MQO","System.Byte[]","9634","(13824)","13824","SuccessAudit","Vault credentials were read.

Subject:
	Security ID:		S-1-5-21-1760974914-2075844823-2079291112-1002
	Account Name:		champuser
	Account Domain:		DESKTOP-PHS6MQO
	Logon ID:		0x402ad

This event occurs when a user reads a stored vault credential.","Microsoft-Windows-Security-Auditing","System.String[]","5382","10/25/2023 4:39:20 PM","10/25/2023 4:39:20 PM",,,
"5379","DESKTOP-PHS6MQO","System.Byte[]","9633","(13824)","13824","SuccessAudit","Credential Manager credentials were read.

Subject:
	Security ID:		S-1-5-21-1760974914-2075844823-2079291112-1002
	Account Name:		champuser
	Account Domain:		DESKTOP-PHS6MQO
	Logon ID:		0x402ad
	Read Operation:		%%8100

This event occurs when a user performs a read operation on stored credentials in Credential Manager.","Microsoft-Windows-Security-Auditing","System.String[]","5379","10/25/2023 4:39:03 PM","10/25/2023 4:39:03 PM",,,
